Unity Editor version:    6000.3.0f1 (d1870ce95baf)
Branch:                  6000.3/staging
Build type:              Release
Batch mode:              YES
System name:             Linux
Distro version:          #202510191616~1762410050~22.04~898873a SMP PREEMPT_DYNAMIC Thu N
Kernel version:          6.17.4-76061704-generic
Architecture:            x86_64
Available memory:        32014 MB
Date:                    2025-12-06T12:27:54Z
[Licensing::Module] Trying to connect to existing licensing client channel...
[Licensing::IpcConnector] Successfully connected to: "LicenseClient-devlord" at "2025-12-06T12:27:54.831108Z"
[SignatureVerifier] Application signature verification not supported on this platform.
[Licensing::Client] Error: HandshakeResponse reported an error:
	ResponseCode: 505
	ResponseStatus: Unsupported protocol version '1.17.4'.
[Licensing::Module] Error: Failed to handshake to channel: "LicenseClient-devlord"
[Licensing::IpcConnector] LicenseClient-devlord channel disconnected successfully.
[Licensing::IpcConnector] Successfully connected to: "LicenseClient-devlord-6000.3.0" at "2025-12-06T12:27:54.832246Z"
[SignatureVerifier] Application signature verification not supported on this platform.
[Licensing::Client] Handshaking with LicensingClient:
  Version:                 1.17.4+4293ba1
  Session Id:              e4d7fbbba70745faa30e7829c1ffdaae
  Correlation Id:          a404e16debfc88f7460862009393483d
  External correlation Id: 4460132842091523725
  Machine Id:              gnKpx1ifNlw0zv0QF1x0N8RzOEQ=
[Licensing::Module] Successfully connected to LicensingClient on channel: "LicenseClient-devlord-6000.3.0" (connect: 0.00s, validation: 0.00s, handshake: 0.00s)
[Licensing::IpcConnector] Successfully connected to: "LicenseClient-devlord-6000.3.0-notifications" at "2025-12-06T12:27:54.833271Z"
[Licensing::Module] Licensing Background thread has ended after 0.00s
Selected window backend: (null) 
Gtk-Message: 23:27:54.932: Failed to load module "canberra-gtk-module"
Gtk-Message: 23:27:54.932: Failed to load module "canberra-gtk-module"
Desktop is 4000 x 2560 @ 60 Hz
Initialize udev device monitor.

COMMAND LINE ARGUMENTS:
Unity
-adb2
-batchMode
-noUpm
-name
AssetImportWorker15
-projectPath
/media/devlord/Additional/GitProjects/Solo_Game_Jam-SilentLibrary/Silent Library - Unity Project/Silent Library
-logFile
Logs/AssetImportWorker15.log
-srvPort
39987
-licensingIpc
LicenseClient-devlord
-job-worker-count
11
-background-job-worker-count
8
-gc-helper-count
1
Successfully changed project path to: /media/devlord/Additional/GitProjects/Solo_Game_Jam-SilentLibrary/Silent Library - Unity Project/Silent Library
/media/devlord/Additional/GitProjects/Solo_Game_Jam-SilentLibrary/Silent Library - Unity Project/Silent Library
[UnityMemory] Configuration Parameters - Can be set up in boot.config
    "memorysetup-allocator-temp-initial-block-size-main=262144"
    "memorysetup-allocator-temp-initial-block-size-worker=262144"
    "memorysetup-temp-allocator-size-background-worker=32768"
    "memorysetup-temp-allocator-size-job-worker=262144"
    "memorysetup-temp-allocator-size-preload-manager=33554432"
    "memorysetup-temp-allocator-size-nav-mesh-worker=65536"
    "memorysetup-temp-allocator-size-audio-worker=65536"
    "memorysetup-temp-allocator-size-cloud-worker=32768"
    "memorysetup-temp-allocator-size-gi-baking-worker=262144"
    "memorysetup-temp-allocator-size-gi-baking-worker=262144"
    "memorysetup-temp-allocator-size-gi-baking-worker=262144"
    "memorysetup-temp-allocator-size-gi-baking-worker=262144"
    "memorysetup-temp-allocator-size-gi-baking-worker=262144"
    "memorysetup-bucket-allocator-granularity=16"
    "memorysetup-bucket-allocator-bucket-count=8"
    "memorysetup-bucket-allocator-block-size=33554432"
    "memorysetup-bucket-allocator-block-count=8"
    "memorysetup-main-allocator-block-size=16777216"
    "memorysetup-thread-allocator-block-size=16777216"
    "memorysetup-gfx-main-allocator-block-size=16777216"
    "memorysetup-gfx-thread-allocator-block-size=16777216"
    "memorysetup-cache-allocator-block-size=4194304"
    "memorysetup-typetree-allocator-block-size=2097152"
    "memorysetup-profiler-bucket-allocator-granularity=16"
    "memorysetup-profiler-bucket-allocator-bucket-count=8"
    "memorysetup-profiler-bucket-allocator-block-size=33554432"
    "memorysetup-profiler-bucket-allocator-block-count=8"
    "memorysetup-profiler-allocator-block-size=16777216"
    "memorysetup-profiler-editor-allocator-block-size=1048576"
    "memorysetup-temp-allocator-size-main=16777216"
    "memorysetup-job-temp-allocator-block-size=2097152"
    "memorysetup-job-temp-allocator-block-size-background=1048576"
    "memorysetup-job-temp-allocator-reduction-small-platforms=262144"
    "memorysetup-temp-allocator-size-gfx=262144"
Player connection [136109282335296]  Target information:

Player connection [136109282335296]  * "[IP] 192.168.0.231 [Port] 0 [Flags] 2 [Guid] 4147651608 [EditorId] 4147651608 [Version] 1048832 [Id] LinuxEditor(16,192.168.0.231) [Debug] 1 [PackageName] LinuxEditor [ProjectName] Editor" 

Player connection [136109282335296] Host joined multi-casting on [225.0.0.222:54997]...
Player connection [136109282335296] Host joined alternative multi-casting on [225.0.0.222:34997]...
JobSystem: Creating JobQueue using job-worker-count value 11
Input System module state changed to: Initialized.
[Physics::Module] Initialized fallback backend.
[Physics::Module] Id: 0xdecafbad
Library Redirect Path: Library/
[Physics::Module] Selected backend.
[Physics::Module] Name: PhysX
[Physics::Module] Id: 0xf2b8ea05
[Physics::Module] SDK Version: 4.1.2
[Physics::Module] Integration Version: 1.0.0
[Physics::Module] Threading Mode: Multi-Threaded
Refreshing native plugins compatible for Editor in 1.66 ms, found 1 plugins.
Preloading 0 native plugins for Editor in 0.00 ms.
Initialize engine version: 6000.3.0f1 (d1870ce95baf)
[Subsystems] Discovering subsystems at path /home/devlord/Unity/Hub/Editor/6000.3.0f1/Editor/Data/Resources/UnitySubsystems
[Subsystems] Discovering subsystems at path /media/devlord/Additional/GitProjects/Solo_Game_Jam-SilentLibrary/Silent Library - Unity Project/Silent Library/Assets
kGfxThreadingModeNonThreaded is not supported on OpenGL Core. Reverting to kGfxThreadingModeDirect instead.
GfxDevice: creating device client; kGfxThreadingModeDirect
GLX Extensions: GLX_ARB_get_proc_address GLX_ARB_multisample GLX_EXT_visual_info GLX_EXT_visual_rating GLX_EXT_import_context GLX_SGI_video_sync GLX_SGIX_fbconfig GLX_SGIX_pbuffer GLX_SGI_swap_control GLX_EXT_swap_control GLX_EXT_swap_control_tear GLX_EXT_buffer_age GLX_ARB_create_context GLX_ARB_create_context_profile GLX_NV_float_buffer GLX_ARB_fbconfig_float GLX_EXT_texture_from_pixmap GLX_EXT_framebuffer_sRGB GLX_NV_copy_image GLX_EXT_create_context_es_profile GLX_EXT_create_context_es2_profile GLX_ARB_create_context_no_error GLX_ARB_create_context_robustness GLX_NV_delay_before_swap GLX_EXT_stereo_tree GLX_ARB_context_flush_control GLX_NV_robustness_video_memory_purge GLX_NV_multigpu_context 
Renderer: NVIDIA GeForce RTX 2080 Ti/PCIe/SSE2
Vendor:   NVIDIA Corporation
Version:  4.5.0 NVIDIA 580.82.09
GLES:     0
 GL_AMD_multi_draw_indirect GL_AMD_seamless_cubemap_per_texture GL_AMD_vertex_shader_viewport_index GL_AMD_vertex_shader_layer GL_ARB_arrays_of_arrays GL_ARB_base_instance GL_ARB_bindless_texture GL_ARB_blend_func_extended GL_ARB_buffer_storage GL_ARB_clear_buffer_object GL_ARB_clear_texture GL_ARB_clip_control GL_ARB_color_buffer_float GL_ARB_compressed_texture_pixel_storage GL_ARB_conservative_depth GL_ARB_compute_shader GL_ARB_compute_variable_group_size GL_ARB_conditional_render_inverted GL_ARB_copy_buffer GL_ARB_copy_image GL_ARB_cull_distance GL_ARB_debug_output GL_ARB_depth_buffer_float GL_ARB_depth_clamp GL_ARB_depth_texture GL_ARB_derivative_control GL_ARB_direct_state_access GL_ARB_draw_buffers GL_ARB_draw_buffers_blend GL_ARB_draw_indirect GL_ARB_draw_elements_base_vertex GL_ARB_draw_instanced GL_ARB_enhanced_layouts GL_ARB_ES2_compatibility GL_ARB_ES3_compatibility GL_ARB_ES3_1_compatibility GL_ARB_ES3_2_compatibility GL_ARB_explicit_attrib_location GL_ARB_explicit_uniform_location GL_ARB_fragmen
t_coord_conventions GL_ARB_fragment_layer_viewport GL_ARB_fragment_program GL_ARB_fragment_program_shadow GL_ARB_fragment_shader GL_ARB_fragment_shader_interlock GL_ARB_framebuffer_no_attachments GL_ARB_framebuffer_object GL_ARB_framebuffer_sRGB GL_ARB_geometry_shader4 GL_ARB_get_program_binary GL_ARB_get_texture_sub_image GL_ARB_gl_spirv GL_ARB_gpu_shader5 GL_ARB_gpu_shader_fp64 GL_ARB_gpu_shader_int64 GL_ARB_half_float_pixel GL_ARB_half_float_vertex GL_ARB_imaging GL_ARB_indirect_parameters GL_ARB_instanced_arrays GL_ARB_internalformat_query GL_ARB_internalformat_query2 GL_ARB_invalidate_subdata GL_ARB_map_buffer_alignment GL_ARB_map_buffer_range GL_ARB_multi_bind GL_ARB_multi_draw_indirect GL_ARB_multisample GL_ARB_multitexture GL_ARB_occlusion_query GL_ARB_occlusion_query2 GL_ARB_parallel_shader_compile GL_ARB_pipeline_statistics_query GL_ARB_pixel_buffer_object GL_ARB_point_parameters GL_ARB_point_sprite GL_ARB_polygon_offset_clamp GL_ARB_post_depth_coverage GL_ARB_program_interface_query GL_ARB_provoki
ng_vertex GL_ARB_query_buffer_object GL_ARB_robust_buffer_access_behavior GL_ARB_robustness GL_ARB_sample_locations GL_ARB_sample_shading GL_ARB_sampler_objects GL_ARB_seamless_cube_map GL_ARB_seamless_cubemap_per_texture GL_ARB_separate_shader_objects GL_ARB_shader_atomic_counter_ops GL_ARB_shader_atomic_counters GL_ARB_shader_ballot GL_ARB_shader_bit_encoding GL_ARB_shader_clock GL_ARB_shader_draw_parameters GL_ARB_shader_group_vote GL_ARB_shader_image_load_store GL_ARB_shader_image_size GL_ARB_shader_objects GL_ARB_shader_precision GL_ARB_shader_storage_buffer_object GL_ARB_shader_subroutine GL_ARB_shader_texture_image_samples GL_ARB_shader_texture_lod GL_ARB_shading_language_100 GL_ARB_shader_viewport_layer_array GL_ARB_shading_language_420pack GL_ARB_shading_language_include GL_ARB_shading_language_packing GL_ARB_shadow GL_ARB_sparse_buffer GL_ARB_sparse_texture GL_ARB_sparse_texture2 GL_ARB_sparse_texture_clamp GL_ARB_spirv_extensions GL_ARB_stencil_texturing GL_ARB_sync GL_ARB_tessellation_shader GL_A
RB_texture_barrier GL_ARB_texture_border_clamp GL_ARB_texture_buffer_object GL_ARB_texture_buffer_object_rgb32 GL_ARB_texture_buffer_range GL_ARB_texture_compression GL_ARB_texture_compression_bptc GL_ARB_texture_compression_rgtc GL_ARB_texture_cube_map GL_ARB_texture_cube_map_array GL_ARB_texture_env_add GL_ARB_texture_env_combine GL_ARB_texture_env_crossbar GL_ARB_texture_env_dot3 GL_ARB_texture_filter_anisotropic GL_ARB_texture_filter_minmax GL_ARB_texture_float GL_ARB_texture_gather GL_ARB_texture_mirror_clamp_to_edge GL_ARB_texture_mirrored_repeat GL_ARB_texture_multisample GL_ARB_texture_non_power_of_two GL_ARB_texture_query_levels GL_ARB_texture_query_lod GL_ARB_texture_rectangle GL_ARB_texture_rg GL_ARB_texture_rgb10_a2ui GL_ARB_texture_stencil8 GL_ARB_texture_storage GL_ARB_texture_storage_multisample GL_ARB_texture_swizzle GL_ARB_texture_view GL_ARB_timer_query GL_ARB_transform_feedback2 GL_ARB_transform_feedback3 GL_ARB_transform_feedback_instanced GL_ARB_transform_feedback_overflow_query GL_ARB_t
ranspose_matrix GL_ARB_uniform_buffer_object GL_ARB_vertex_array_bgra GL_ARB_vertex_array_object GL_ARB_vertex_attrib_64bit GL_ARB_vertex_attrib_binding GL_ARB_vertex_buffer_object GL_ARB_vertex_program GL_ARB_vertex_shader GL_ARB_vertex_type_10f_11f_11f_rev GL_ARB_vertex_type_2_10_10_10_rev GL_ARB_viewport_array GL_ARB_window_pos GL_ATI_draw_buffers GL_ATI_texture_float GL_ATI_texture_mirror_once GL_S3_s3tc GL_EXT_texture_env_add GL_EXT_abgr GL_EXT_bgra GL_EXT_bindable_uniform GL_EXT_blend_color GL_EXT_blend_equation_separate GL_EXT_blend_func_separate GL_EXT_blend_minmax GL_EXT_blend_subtract GL_EXT_compiled_vertex_array GL_EXT_Cg_shader GL_EXT_depth_bounds_test GL_EXT_direct_state_access GL_EXT_draw_buffers2 GL_EXT_draw_instanced GL_EXT_draw_range_elements GL_EXT_fog_coord GL_EXT_framebuffer_blit GL_EXT_framebuffer_multisample GL_EXTX_framebuffer_mixed_formats GL_EXT_framebuffer_multisample_blit_scaled GL_EXT_framebuffer_object GL_EXT_framebuffer_sRGB GL_EXT_geometry_shader4 GL_EXT_gpu_program_parameters 
GL_EXT_gpu_shader4 GL_EXT_multi_draw_arrays GL_EXT_multiview_texture_multisample GL_EXT_multiview_timer_query GL_EXT_packed_depth_stencil GL_EXT_packed_float GL_EXT_packed_pixels GL_EXT_pixel_buffer_object GL_EXT_point_parameters GL_EXT_polygon_offset_clamp GL_EXT_post_depth_coverage GL_EXT_provoking_vertex GL_EXT_raster_multisample GL_EXT_rescale_normal GL_EXT_secondary_color GL_EXT_separate_shader_objects GL_EXT_separate_specular_color GL_EXT_shader_image_load_formatted GL_EXT_shader_image_load_store GL_EXT_shader_integer_mix GL_EXT_shadow_funcs GL_EXT_sparse_texture2 GL_EXT_stencil_two_side GL_EXT_stencil_wrap GL_EXT_texture3D GL_EXT_texture_array GL_EXT_texture_buffer_object GL_EXT_texture_compression_dxt1 GL_EXT_texture_compression_latc GL_EXT_texture_compression_rgtc GL_EXT_texture_compression_s3tc GL_EXT_texture_cube_map GL_EXT_texture_edge_clamp GL_EXT_texture_env_combine GL_EXT_texture_env_dot3 GL_EXT_texture_filter_anisotropic GL_EXT_texture_filter_minmax GL_EXT_texture_integer GL_EXT_texture_lod G
L_EXT_texture_lod_bias GL_EXT_texture_mirror_clamp GL_EXT_texture_object GL_EXT_texture_shadow_lod GL_EXT_texture_shared_exponent GL_EXT_texture_sRGB GL_EXT_texture_sRGB_R8 GL_EXT_texture_sRGB_decode GL_EXT_texture_storage GL_EXT_texture_swizzle GL_EXT_timer_query GL_EXT_transform_feedback2 GL_EXT_vertex_array GL_EXT_vertex_array_bgra GL_EXT_vertex_attrib_64bit GL_EXT_window_rectangles GL_EXT_x11_sync_object GL_EXT_import_sync_object GL_NV_robustness_video_memory_purge GL_IBM_rasterpos_clip GL_IBM_texture_mirrored_repeat GL_KHR_context_flush_control GL_KHR_debug GL_EXT_memory_object GL_EXT_memory_object_fd GL_NV_memory_object_sparse GL_KHR_parallel_shader_compile GL_KHR_no_error GL_KHR_robust_buffer_access_behavior GL_KHR_robustness GL_EXT_semaphore GL_EXT_semaphore_fd GL_NV_timeline_semaphore GL_KHR_shader_subgroup GL_KTX_buffer_region GL_NV_alpha_to_coverage_dither_control GL_NV_bindless_multi_draw_indirect GL_NV_bindless_multi_draw_indirect_count GL_NV_bindless_texture GL_NV_blend_equation_advanced GL_NV_
blend_equation_advanced_coherent GL_NVX_blend_equation_advanced_multi_draw_buffers GL_NV_blend_minmax_factor GL_NV_blend_square GL_NV_clip_space_w_scaling GL_NV_command_list GL_NV_compute_program5 GL_NV_compute_shader_derivatives GL_NV_conditional_render GL_NV_conservative_raster GL_NV_conservative_raster_dilate GL_NV_conservative_raster_pre_snap GL_NV_conservative_raster_pre_snap_triangles GL_NV_conservative_raster_underestimation GL_NV_copy_depth_to_color GL_NV_copy_image GL_NV_depth_buffer_float GL_NV_depth_clamp GL_NV_draw_texture GL_NV_draw_vulkan_image GL_NV_ES1_1_compatibility GL_NV_ES3_1_compatibility GL_NV_explicit_multisample GL_NV_feature_query GL_NV_fence GL_NV_fill_rectangle GL_NV_float_buffer GL_NV_fog_distance GL_NV_fragment_coverage_to_color GL_NV_fragment_program GL_NV_fragment_program_option GL_NV_fragment_program2 GL_NV_fragment_shader_barycentric GL_NV_fragment_shader_interlock GL_NV_framebuffer_mixed_samples GL_NV_framebuffer_multisample_coverage GL_NV_geometry_shader4 GL_NV_geometry_sha
der_passthrough GL_NV_gpu_program4 GL_NV_internalformat_sample_query GL_NV_gpu_program4_1 GL_NV_gpu_program5 GL_NV_gpu_program5_mem_extended GL_NV_gpu_program_fp64 GL_NV_gpu_program_multiview GL_NV_gpu_shader5 GL_NV_half_float GL_NV_light_max_exponent GL_NV_memory_attachment GL_NV_mesh_shader GL_NV_multisample_coverage GL_NV_multisample_filter_hint GL_NV_occlusion_query GL_NV_packed_depth_stencil GL_NV_parameter_buffer_object GL_NV_parameter_buffer_object2 GL_NV_path_rendering GL_NV_path_rendering_shared_edge GL_NV_pixel_data_range GL_NV_point_sprite GL_NV_primitive_restart GL_NV_query_resource GL_NV_query_resource_tag GL_NV_register_combiners GL_NV_register_combiners2 GL_NV_representative_fragment_test GL_NV_sample_locations GL_NV_sample_mask_override_coverage GL_NV_scissor_exclusive GL_NV_shader_atomic_counters GL_NV_shader_atomic_float GL_NV_shader_atomic_float64 GL_NV_shader_atomic_fp16_vector GL_NV_shader_atomic_int64 GL_NV_shader_buffer_load GL_NV_shader_storage_buffer_object GL_NV_shader_subgroup_part
itioned GL_NV_shader_texture_footprint GL_NV_shading_rate_image GL_NV_stereo_view_rendering GL_NV_texgen_reflection GL_NV_texture_barrier GL_NV_texture_compression_vtc GL_NV_texture_env_combine4 GL_NV_texture_multisample GL_NV_texture_rectangle GL_NV_texture_rectangle_compressed GL_NV_texture_shader GL_NV_texture_shader2 GL_NV_texture_shader3 GL_NV_transform_feedback GL_NV_transform_feedback2 GL_NV_uniform_buffer_unified_memory GL_NV_uniform_buffer_std430_layout GL_NV_vdpau_interop GL_NV_vdpau_interop2 GL_NV_vertex_array_range GL_NV_vertex_array_range2 GL_NV_vertex_attrib_integer_64bit GL_NV_vertex_buffer_unified_memory GL_NV_vertex_program GL_NV_vertex_program1_1 GL_NV_vertex_program2 GL_NV_vertex_program2_option GL_NV_vertex_program3 GL_NV_viewport_array2 GL_NV_viewport_swizzle GL_NVX_conditional_render GL_NV_gpu_multicast GL_NVX_progress_fence GL_NVX_gpu_memory_info GL_NVX_nvenc_interop GL_NV_shader_thread_group GL_NV_shader_thread_shuffle GL_KHR_blend_equation_advanced GL_KHR_blend_equation_advanced_cohe
rent GL_OVR_multiview GL_OVR_multiview2 GL_SGIS_generate_mipmap GL_SGIS_texture_lod GL_SGIX_depth_texture GL_SGIX_shadow GL_SUN_slice_accum
OPENGL LOG: Creating OpenGL 4.5 graphics device ; Context level  <OpenGL 4.5> ; Context handle 150088360
Initialize mono
Mono path[0] = '/home/devlord/Unity/Hub/Editor/6000.3.0f1/Editor/Data/Managed'
Mono path[1] = '/home/devlord/Unity/Hub/Editor/6000.3.0f1/Editor/Data/MonoBleedingEdge/lib/mono/unityjit-linux'
Mono config path = '/home/devlord/Unity/Hub/Editor/6000.3.0f1/Editor/Data/MonoBleedingEdge/etc'
Using monoOptions --debugger-agent=transport=dt_socket,embedding=1,server=y,suspend=n,address=127.0.0.1:56831
Begin MonoManager ReloadAssembly
Registering precompiled unity dll's ...
Register platform support module: /home/devlord/Unity/Hub/Editor/6000.3.0f1/Editor/Data/PlaybackEngines/LinuxStandaloneSupport/UnityEditor.LinuxStandalone.Extensions.dll
Registered in 0.002233 seconds.
- Loaded All Assemblies, in  0.383 seconds
Native extension for LinuxStandalone target not found
Mono: successfully reloaded assembly
- Finished resetting the current domain, in  0.455 seconds
Domain Reload Profiling: 838ms
	BeginReloadAssembly (82ms)
		ExecutionOrderSort (0ms)
		DisableScriptedObjects (0ms)
		BackupInstance (0ms)
		ReleaseScriptingObjects (0ms)
		CreateAndSetChildDomain (1ms)
	RebuildCommonClasses (51ms)
	RebuildNativeTypeToScriptingClass (10ms)
	initialDomainReloadingComplete (52ms)
	LoadAllAssembliesAndSetupDomain (188ms)
		LoadAssemblies (81ms)
		RebuildTransferFunctionScriptingTraits (0ms)
		AnalyzeDomain (185ms)
			TypeCache.Refresh (183ms)
				TypeCache.ScanAssembly (169ms)
			BuildScriptInfoCaches (0ms)
			ResolveRequiredComponents (0ms)
	FinalizeReload (456ms)
		ReleaseScriptCaches (0ms)
		RebuildScriptCaches (0ms)
		SetupLoadedEditorAssemblies (403ms)
			LogAssemblyErrors (0ms)
			InitializePlatformSupportModulesInManaged (49ms)
			SetLoadedEditorAssemblies (6ms)
			BeforeProcessingInitializeOnLoad (106ms)
			ProcessInitializeOnLoadAttributes (162ms)
			ProcessInitializeOnLoadMethodAttributes (80ms)
			AfterProcessingInitializeOnLoad (0ms)
			EditorAssembliesLoaded (0ms)
		ExecutionOrderSort2 (0ms)
		AwakeInstancesAfterBackupRestoration (0ms)
========================================================================
Worker process is ready to serve import requests
Import Worker Mode flag is 0x00
Begin MonoManager ReloadAssembly
[Licensing::Client] Successfully resolved entitlement details
[Licensing::Module] License group:
  Id: 16768317288519-UnityPersXXXX
  Product: Unity Personal
  Type: Assigned
  Expiration: Unlimited
- Loaded All Assemblies, in  0.724 seconds
Refreshing native plugins compatible for Editor in 0.57 ms, found 1 plugins.
Native extension for LinuxStandalone target not found
Package Manager log level set to [2]
[Package Manager] Failed to launch server process. Reason: Unity was launched with the -noUpm command-line argument
[Package Manager] Unable to send message (not connected to server process).
[Package Manager] Cannot connect to Unity Package Manager local server
Mono: successfully reloaded assembly
- Finished resetting the current domain, in  0.827 seconds
Domain Reload Profiling: 1547ms
	BeginReloadAssembly (124ms)
		ExecutionOrderSort (0ms)
		DisableScriptedObjects (5ms)
		BackupInstance (0ms)
		ReleaseScriptingObjects (0ms)
		CreateAndSetChildDomain (31ms)
	RebuildCommonClasses (41ms)
	RebuildNativeTypeToScriptingClass (9ms)
	initialDomainReloadingComplete (39ms)
	LoadAllAssembliesAndSetupDomain (506ms)
		LoadAssemblies (264ms)
		RebuildTransferFunctionScriptingTraits (0ms)
		AnalyzeDomain (293ms)
			TypeCache.Refresh (215ms)
				TypeCache.ScanAssembly (201ms)
			BuildScriptInfoCaches (62ms)
			ResolveRequiredComponents (11ms)
	FinalizeReload (828ms)
		ReleaseScriptCaches (0ms)
		RebuildScriptCaches (0ms)
		SetupLoadedEditorAssemblies (693ms)
			LogAssemblyErrors (0ms)
			InitializePlatformSupportModulesInManaged (2ms)
			SetLoadedEditorAssemblies (5ms)
			BeforeProcessingInitializeOnLoad (177ms)
			ProcessInitializeOnLoadAttributes (395ms)
			ProcessInitializeOnLoadMethodAttributes (108ms)
			AfterProcessingInitializeOnLoad (6ms)
			EditorAssembliesLoaded (0ms)
		ExecutionOrderSort2 (0ms)
		AwakeInstancesAfterBackupRestoration (3ms)
AutoLocale: current locale expects 'C' but got 'en_AU.UTF-8'Launched and connected shader compiler UnityShaderCompiler after 0.02 seconds
Refreshing native plugins compatible for Editor in 0.63 ms, found 1 plugins.
Preloading 0 native plugins for Editor in 0.00 ms.
Unloading 16 Unused Serialized files (Serialized files now loaded: 0)
Unloading 6904 unused Assets / (4.9 MB). Loaded Objects now: 7737.
Memory consumption went from 151.6 MB to 146.7 MB.
Total: 12.906317 ms (FindLiveObjects: 0.663580 ms CreateObjectMapping: 0.491840 ms MarkObjects: 7.130338 ms  DeleteObjects: 4.619959 ms)

========================================================================
Received Import Request.
  Time since last request: 17030.472065 seconds.
  path: Assets/Environments/RPGW_Caves
  artifactKey: Guid(14b279665f06671baacd2cbc03595641) Importer(815301076,1909f56bfc062723c751e8b465ee728b)
Start importing Assets/Environments/RPGW_Caves using Guid(14b279665f06671baacd2cbc03595641) Importer(815301076,1909f56bfc062723c751e8b465ee728b) (PreviewImporter) -> (artifact id: '7bc19739a7c0a8499765f1d85cfba26a') in 0.0026853 seconds
Number of updated asset objects reloaded before import = 0Number of asset objects unloaded after import = 0

========================================================================
Received Import Request.
  Time since last request: 2.364665 seconds.
  path: Assets/TextMesh Pro/Examples & Extras/Scenes/04 - Word Wrapping.unity
  artifactKey: Guid(8f7137eacd7042d5b17ef0efe5e744f5) Importer(2089858483,b0f066a214c2f5e87bad3c948f4d605d)
Start importing Assets/TextMesh Pro/Examples & Extras/Scenes/04 - Word Wrapping.unity using Guid(8f7137eacd7042d5b17ef0efe5e744f5) Importer(2089858483,b0f066a214c2f5e87bad3c948f4d605d) (ScriptedImporter) -> (artifact id: '5151c62b659fde20cd10efe0701f2029') in 0.041816762 seconds
Number of updated asset objects reloaded before import = 0Number of asset objects unloaded after import = 1

========================================================================
Received Import Request.
  Time since last request: 0.000011 seconds.
  path: Assets/TextMesh Pro/Examples & Extras/Textures/Mask Zig-n-Zag.psd
  artifactKey: Guid(bb8dfcd263ad4eb383a33d74a720be6f) Importer(2089858483,b0f066a214c2f5e87bad3c948f4d605d)
Start importing Assets/TextMesh Pro/Examples & Extras/Textures/Mask Zig-n-Zag.psd using Guid(bb8dfcd263ad4eb383a33d74a720be6f) Importer(2089858483,b0f066a214c2f5e87bad3c948f4d605d) (ScriptedImporter) -> (artifact id: 'ed6c4daf1ccb1cdf205f6aaab46de52c') in 0.074102476 seconds
Number of updated asset objects reloaded before import = 0Number of asset objects unloaded after import = 1

========================================================================
Received Import Request.
  Time since last request: 0.341139 seconds.
  path: Assets/TextMesh Pro/Examples & Extras/Scenes/15 - Inline Graphics & Sprites.unity
  artifactKey: Guid(e76e6c0f81964cbda3fe0b7d26ed8060) Importer(2089858483,b0f066a214c2f5e87bad3c948f4d605d)
Start importing Assets/TextMesh Pro/Examples & Extras/Scenes/15 - Inline Graphics & Sprites.unity using Guid(e76e6c0f81964cbda3fe0b7d26ed8060) Importer(2089858483,b0f066a214c2f5e87bad3c948f4d605d) (ScriptedImporter) -> (artifact id: '8c7f677596ad662462724f9ed4d37cac') in 0.00213542 seconds
Number of updated asset objects reloaded before import = 0Number of asset objects unloaded after import = 1

========================================================================
Received Import Request.
  Time since last request: 0.481892 seconds.
  path: Assets/UI/RPG Button 7/PNG/Green/Pressed.png
  artifactKey: Guid(6f7a5918acdd56a46a63378569560b70) Importer(2089858483,b0f066a214c2f5e87bad3c948f4d605d)
Start importing Assets/UI/RPG Button 7/PNG/Green/Pressed.png using Guid(6f7a5918acdd56a46a63378569560b70) Importer(2089858483,b0f066a214c2f5e87bad3c948f4d605d) (ScriptedImporter) -> (artifact id: '632fe2483dce22ec4e1b0314923e7f73') in 0.020595086 seconds
Number of updated asset objects reloaded before import = 0Number of asset objects unloaded after import = 3

========================================================================
Received Import Request.
  Time since last request: 0.462208 seconds.
  path: Assets/Environments/RPGW_Caves/Sliced/MainLev2.0.png
  artifactKey: Guid(aa9f510a84a336543994cb3b86dea09f) Importer(2089858483,b0f066a214c2f5e87bad3c948f4d605d)
Start importing Assets/Environments/RPGW_Caves/Sliced/MainLev2.0.png using Guid(aa9f510a84a336543994cb3b86dea09f) Importer(2089858483,b0f066a214c2f5e87bad3c948f4d605d) (ScriptedImporter) -> (artifact id: '8e62d0c85d4e6429c781d9b02333c55f') in 1.250381081 seconds
Number of updated asset objects reloaded before import = 0Number of asset objects unloaded after import = 1831

========================================================================
Received Import Request.
  Time since last request: 0.482584 seconds.
  path: Assets/Environments/RPGW_Caves
  artifactKey: Guid(14b279665f06671baacd2cbc03595641) Importer(2089858483,b0f066a214c2f5e87bad3c948f4d605d)
Start importing Assets/Environments/RPGW_Caves using Guid(14b279665f06671baacd2cbc03595641) Importer(2089858483,b0f066a214c2f5e87bad3c948f4d605d) (ScriptedImporter) -> (artifact id: '483dcf1d1ab6ddbb231a48fb7dfc7c76') in 0.001698739 seconds
Number of updated asset objects reloaded before import = 0Number of asset objects unloaded after import = 1

========================================================================
Received Import Request.
  Time since last request: 0.000008 seconds.
  path: Assets/Environments/RPGW_Caves/Animated/LedA_24.controller
  artifactKey: Guid(222eae2ff6550de4ca1b7b78a01abd9e) Importer(2089858483,b0f066a214c2f5e87bad3c948f4d605d)
Start importing Assets/Environments/RPGW_Caves/Animated/LedA_24.controller using Guid(222eae2ff6550de4ca1b7b78a01abd9e) Importer(2089858483,b0f066a214c2f5e87bad3c948f4d605d) (ScriptedImporter) -> (artifact id: '782ae4ab8d9aefa3965c6dd795beb5bb') in 0.002703399 seconds
Number of updated asset objects reloaded before import = 0Number of asset objects unloaded after import = 4

========================================================================
Received Import Request.
  Time since last request: 0.000009 seconds.
  path: Assets/Environments/RPGW_Caves/Animated/LedD_01.anim
  artifactKey: Guid(f341eeed0d28b82459b60dc62fee431a) Importer(2089858483,b0f066a214c2f5e87bad3c948f4d605d)
Start importing Assets/Environments/RPGW_Caves/Animated/LedD_01.anim using Guid(f341eeed0d28b82459b60dc62fee431a) Importer(2089858483,b0f066a214c2f5e87bad3c948f4d605d) (ScriptedImporter) -> (artifact id: '72547b0fad16764f22505bc484e6890c') in 0.008204819 seconds
Number of updated asset objects reloaded before import = 0Number of asset objects unloaded after import = 1

========================================================================
Received Import Request.
  Time since last request: 0.000009 seconds.
  path: Assets/Environments/RPGW_Caves/Animated/LedB_04.anim
  artifactKey: Guid(2956f8e9554011d41b4648f0b588632e) Importer(2089858483,b0f066a214c2f5e87bad3c948f4d605d)
Start importing Assets/Environments/RPGW_Caves/Animated/LedB_04.anim using Guid(2956f8e9554011d41b4648f0b588632e) Importer(2089858483,b0f066a214c2f5e87bad3c948f4d605d) (ScriptedImporter) -> (artifact id: 'c4308915dbef474faead4920e3c50bed') in 0.002538079 seconds
Number of updated asset objects reloaded before import = 0Number of asset objects unloaded after import = 1

========================================================================
Received Import Request.
  Time since last request: 0.000009 seconds.
  path: Assets/Environments/RPGW_Caves/Animated/LedD_04.anim
  artifactKey: Guid(ce22a8e3ccf23324e97ea18cbee9ab03) Importer(2089858483,b0f066a214c2f5e87bad3c948f4d605d)
Start importing Assets/Environments/RPGW_Caves/Animated/LedD_04.anim using Guid(ce22a8e3ccf23324e97ea18cbee9ab03) Importer(2089858483,b0f066a214c2f5e87bad3c948f4d605d) (ScriptedImporter) -> (artifact id: '188f4f6cf048e7c942fd136c5b821dc3') in 0.002427229 seconds
Number of updated asset objects reloaded before import = 0Number of asset objects unloaded after import = 1

========================================================================
Received Import Request.
  Time since last request: 0.000008 seconds.
  path: Assets/Environments/RPGW_Caves/Animated/LedD_16.controller
  artifactKey: Guid(45d84019001412349aa50e910b89c2c3) Importer(2089858483,b0f066a214c2f5e87bad3c948f4d605d)
Start importing Assets/Environments/RPGW_Caves/Animated/LedD_16.controller using Guid(45d84019001412349aa50e910b89c2c3) Importer(2089858483,b0f066a214c2f5e87bad3c948f4d605d) (ScriptedImporter) -> (artifact id: 'efbe0428987535d663becec73f0dded2') in 0.001914639 seconds
Number of updated asset objects reloaded before import = 0Number of asset objects unloaded after import = 4

========================================================================
Received Import Request.
  Time since last request: 0.000012 seconds.
  path: Assets/Environments/RPGW_Caves/Animated/LedA_02.anim
  artifactKey: Guid(e2c60a2223e3a6b44b2f6bd8b4668e85) Importer(2089858483,b0f066a214c2f5e87bad3c948f4d605d)
Start importing Assets/Environments/RPGW_Caves/Animated/LedA_02.anim using Guid(e2c60a2223e3a6b44b2f6bd8b4668e85) Importer(2089858483,b0f066a214c2f5e87bad3c948f4d605d) (ScriptedImporter) -> (artifact id: '3e283c074922af29a3f8561f5721b68d') in 0.00392246 seconds
Number of updated asset objects reloaded before import = 0Number of asset objects unloaded after import = 1

========================================================================
Received Import Request.
  Time since last request: 0.000018 seconds.
  path: Assets/Environments/RPGW_Caves/_oldfiles/decorative.png
  artifactKey: Guid(029030ab7555c8c4e95178103a2328f6) Importer(2089858483,b0f066a214c2f5e87bad3c948f4d605d)
Start importing Assets/Environments/RPGW_Caves/_oldfiles/decorative.png using Guid(029030ab7555c8c4e95178103a2328f6) Importer(2089858483,b0f066a214c2f5e87bad3c948f4d605d) (ScriptedImporter) -> (artifact id: '72174a45f300219ceede10dc7dfedc65') in 0.005279259 seconds
Number of updated asset objects reloaded before import = 0Number of asset objects unloaded after import = 3

========================================================================
Received Import Request.
  Time since last request: 0.000010 seconds.
  path: Assets/Environments/RPGW_Caves/Animated/LedC_16.controller
  artifactKey: Guid(f9fbb30ac0fba01468fae3a432151e4c) Importer(2089858483,b0f066a214c2f5e87bad3c948f4d605d)
Start importing Assets/Environments/RPGW_Caves/Animated/LedC_16.controller using Guid(f9fbb30ac0fba01468fae3a432151e4c) Importer(2089858483,b0f066a214c2f5e87bad3c948f4d605d) (ScriptedImporter) -> (artifact id: 'cec7e7c4607dc6163e7d4f1f9bf96e8c') in 0.00193001 seconds
Number of updated asset objects reloaded before import = 0Number of asset objects unloaded after import = 4

========================================================================
Received Import Request.
  Time since last request: 0.000010 seconds.
  path: Assets/Environments/RPGW_Caves/Animated/LedB.png
  artifactKey: Guid(b4e370d0696dc324a90580c5fe15ae03) Importer(2089858483,b0f066a214c2f5e87bad3c948f4d605d)
Start importing Assets/Environments/RPGW_Caves/Animated/LedB.png using Guid(b4e370d0696dc324a90580c5fe15ae03) Importer(2089858483,b0f066a214c2f5e87bad3c948f4d605d) (ScriptedImporter) -> (artifact id: '64f24958d947f0a75b223b5c0223f47c') in 0.027018455 seconds
Number of updated asset objects reloaded before import = 0Number of asset objects unloaded after import = 34

========================================================================
Received Import Request.
  Time since last request: 0.432708 seconds.
  path: Assets/Environments
  artifactKey: Guid(af83058df29a15edea5c97805fedea2b) Importer(2089858483,b0f066a214c2f5e87bad3c948f4d605d)
Start importing Assets/Environments using Guid(af83058df29a15edea5c97805fedea2b) Importer(2089858483,b0f066a214c2f5e87bad3c948f4d605d) (ScriptedImporter) -> (artifact id: '923ce3e128a3ce35390353ef35aa3cb3') in 0.001512 seconds
Number of updated asset objects reloaded before import = 0Number of asset objects unloaded after import = 1

========================================================================
Received Import Request.
  Time since last request: 415.612126 seconds.
  path: Assets/Environments/RPGW_Caves/Sliced/decorative.png
  artifactKey: Guid(ca1f1e20c71399f4ab9c815c2528cc1c) Importer(815301076,1909f56bfc062723c751e8b465ee728b)
Start importing Assets/Environments/RPGW_Caves/Sliced/decorative.png using Guid(ca1f1e20c71399f4ab9c815c2528cc1c) Importer(815301076,1909f56bfc062723c751e8b465ee728b) (PreviewImporter) -> (artifact id: '9ca55c43fdb158985cc32dc73d3d82fe') in 0.178008206 seconds
Number of updated asset objects reloaded before import = 0Number of asset objects unloaded after import = 110

========================================================================
Received Import Request.
  Time since last request: 0.731527 seconds.
  path: Assets/Environments/RPGW_Caves/Sliced/decorative.png
  artifactKey: Guid(ca1f1e20c71399f4ab9c815c2528cc1c) Importer(2089858483,b0f066a214c2f5e87bad3c948f4d605d)
Start importing Assets/Environments/RPGW_Caves/Sliced/decorative.png using Guid(ca1f1e20c71399f4ab9c815c2528cc1c) Importer(2089858483,b0f066a214c2f5e87bad3c948f4d605d) (ScriptedImporter) -> (artifact id: 'af7634b4ba0664e5f81d65f326df10fe') in 0.108585239 seconds
Number of updated asset objects reloaded before import = 0Number of asset objects unloaded after import = 110

========================================================================
Received Import Request.
  Time since last request: 747.324846 seconds.
  path: Assets/Medieval Warrior Pack 2/Animations/Take Hit.anim
  artifactKey: Guid(10f852378f63a244182f6d3b3a0cd06e) Importer(2089858483,b0f066a214c2f5e87bad3c948f4d605d)
Start importing Assets/Medieval Warrior Pack 2/Animations/Take Hit.anim using Guid(10f852378f63a244182f6d3b3a0cd06e) Importer(2089858483,b0f066a214c2f5e87bad3c948f4d605d) (ScriptedImporter) -> (artifact id: 'a7596f47b98d9e6f0346e93dbe47a214') in 0.005422619 seconds
Number of updated asset objects reloaded before import = 0Number of asset objects unloaded after import = 1

========================================================================
Received Import Request.
  Time since last request: 0.127830 seconds.
  path: Assets/Medieval Warrior Pack 2/Animations/Run_0.controller
  artifactKey: Guid(eee47c720f0c6324d82c88d0ad354a22) Importer(2089858483,b0f066a214c2f5e87bad3c948f4d605d)
Start importing Assets/Medieval Warrior Pack 2/Animations/Run_0.controller using Guid(eee47c720f0c6324d82c88d0ad354a22) Importer(2089858483,b0f066a214c2f5e87bad3c948f4d605d) (ScriptedImporter) -> (artifact id: '60e83ab3d8e06d9f6d522759ca7c6e83') in 0.004711549 seconds
Number of updated asset objects reloaded before import = 0Number of asset objects unloaded after import = 4

========================================================================
Received Import Request.
  Time since last request: 0.112577 seconds.
  path: Assets/Medieval Warrior Pack 2/Sprites
  artifactKey: Guid(2bd7a299e9f78ff44b692906b5056ef9) Importer(2089858483,b0f066a214c2f5e87bad3c948f4d605d)
Start importing Assets/Medieval Warrior Pack 2/Sprites using Guid(2bd7a299e9f78ff44b692906b5056ef9) Importer(2089858483,b0f066a214c2f5e87bad3c948f4d605d) (ScriptedImporter) -> (artifact id: '978c535c421c4fa7d48441d8b31c6dfa') in 0.00205966 seconds
Number of updated asset objects reloaded before import = 0Number of asset objects unloaded after import = 1

========================================================================
Received Import Request.
  Time since last request: 0.000013 seconds.
  path: Assets/Medieval Warrior Pack 2/Animations/Fall_0.controller
  artifactKey: Guid(78fc88d8fbcd9d74c9fc82a103b2bb8e) Importer(2089858483,b0f066a214c2f5e87bad3c948f4d605d)
Start importing Assets/Medieval Warrior Pack 2/Animations/Fall_0.controller using Guid(78fc88d8fbcd9d74c9fc82a103b2bb8e) Importer(2089858483,b0f066a214c2f5e87bad3c948f4d605d) (ScriptedImporter) -> (artifact id: '198edc0e450544a794e4d285ae341f95') in 0.002931499 seconds
Number of updated asset objects reloaded before import = 0Number of asset objects unloaded after import = 4

========================================================================
Received Import Request.
  Time since last request: 0.000014 seconds.
  path: Assets/Medieval Warrior Pack 2/Sprites/Attack2.png
  artifactKey: Guid(c0fa2008dfcbee24389f92eb339a9e16) Importer(2089858483,b0f066a214c2f5e87bad3c948f4d605d)
Start importing Assets/Medieval Warrior Pack 2/Sprites/Attack2.png using Guid(c0fa2008dfcbee24389f92eb339a9e16) Importer(2089858483,b0f066a214c2f5e87bad3c948f4d605d) (ScriptedImporter) -> (artifact id: 'a0742cf9ca12e0f597b20c0b4f5a6048') in 0.009154178 seconds
Number of updated asset objects reloaded before import = 0Number of asset objects unloaded after import = 6

========================================================================
Received Import Request.
  Time since last request: 0.429321 seconds.
  path: Assets/Medieval Warrior Pack 2/Animations/Jump_0.controller
  artifactKey: Guid(44e0b0a749479c04d848db0f2ab0a730) Importer(2089858483,b0f066a214c2f5e87bad3c948f4d605d)
Start importing Assets/Medieval Warrior Pack 2/Animations/Jump_0.controller using Guid(44e0b0a749479c04d848db0f2ab0a730) Importer(2089858483,b0f066a214c2f5e87bad3c948f4d605d) (ScriptedImporter) -> (artifact id: '076cc04e0b9fc3ee644b2c82c650425d') in 0.003660569 seconds
Number of updated asset objects reloaded before import = 0Number of asset objects unloaded after import = 4

========================================================================
Received Import Request.
  Time since last request: 0.139459 seconds.
  path: Assets/Medieval Warrior Pack 2/Sprites/Run.png
  artifactKey: Guid(ab19dd0d026e09941ae566a54eb4d897) Importer(2089858483,b0f066a214c2f5e87bad3c948f4d605d)
Start importing Assets/Medieval Warrior Pack 2/Sprites/Run.png using Guid(ab19dd0d026e09941ae566a54eb4d897) Importer(2089858483,b0f066a214c2f5e87bad3c948f4d605d) (ScriptedImporter) -> (artifact id: 'c3faa6ada7a6b52eae192c5d2cf86a3e') in 0.020460026 seconds
Number of updated asset objects reloaded before import = 0Number of asset objects unloaded after import = 10

========================================================================
Received Import Request.
  Time since last request: 0.100998 seconds.
  path: Assets/Medieval Warrior Pack 2/Animations/Attack4.anim
  artifactKey: Guid(9d8a7533d239ddb4c8606932a2120d91) Importer(2089858483,b0f066a214c2f5e87bad3c948f4d605d)
Start importing Assets/Medieval Warrior Pack 2/Animations/Attack4.anim using Guid(9d8a7533d239ddb4c8606932a2120d91) Importer(2089858483,b0f066a214c2f5e87bad3c948f4d605d) (ScriptedImporter) -> (artifact id: 'a4e4d1a3afe953295343c73dd1d2eb83') in 0.005409769 seconds
Number of updated asset objects reloaded before import = 0Number of asset objects unloaded after import = 1

========================================================================
Received Import Request.
  Time since last request: 0.000015 seconds.
  path: Assets/Medieval Warrior Pack 2/Sprites/Attack4.png
  artifactKey: Guid(9f9b0c049210516428b912b1918e92c2) Importer(2089858483,b0f066a214c2f5e87bad3c948f4d605d)
Start importing Assets/Medieval Warrior Pack 2/Sprites/Attack4.png using Guid(9f9b0c049210516428b912b1918e92c2) Importer(2089858483,b0f066a214c2f5e87bad3c948f4d605d) (ScriptedImporter) -> (artifact id: 'b52f4c0b1e92a4b9c5e0242e0d066795') in 0.011567858 seconds
Number of updated asset objects reloaded before import = 0Number of asset objects unloaded after import = 6

========================================================================
Received Import Request.
  Time since last request: 0.000019 seconds.
  path: Assets/Medieval Warrior Pack 2/Animations/Attack3.anim
  artifactKey: Guid(952cf58306fb6504fa5ef5a3ca8ddae0) Importer(2089858483,b0f066a214c2f5e87bad3c948f4d605d)
Start importing Assets/Medieval Warrior Pack 2/Animations/Attack3.anim using Guid(952cf58306fb6504fa5ef5a3ca8ddae0) Importer(2089858483,b0f066a214c2f5e87bad3c948f4d605d) (ScriptedImporter) -> (artifact id: 'efa0f64e156045b4af4200c9d7adc546') in 0.004372659 seconds
Number of updated asset objects reloaded before import = 0Number of asset objects unloaded after import = 1

========================================================================
Received Import Request.
  Time since last request: 0.000023 seconds.
  path: Assets/Medieval Warrior Pack 2/Sprites/Take Hit.png
  artifactKey: Guid(6112573e6823cab409954af5edabcd51) Importer(2089858483,b0f066a214c2f5e87bad3c948f4d605d)
Start importing Assets/Medieval Warrior Pack 2/Sprites/Take Hit.png using Guid(6112573e6823cab409954af5edabcd51) Importer(2089858483,b0f066a214c2f5e87bad3c948f4d605d) (ScriptedImporter) -> (artifact id: '6b25a97baa1acac813c1700424c7f7b7') in 0.012123038 seconds
Number of updated asset objects reloaded before import = 0Number of asset objects unloaded after import = 6

========================================================================
Received Import Request.
  Time since last request: 0.356298 seconds.
  path: Assets/Medieval Warrior Pack 2/Animations
  artifactKey: Guid(6a9b8024551adee4c9c8e79c19b7860d) Importer(2089858483,b0f066a214c2f5e87bad3c948f4d605d)
Start importing Assets/Medieval Warrior Pack 2/Animations using Guid(6a9b8024551adee4c9c8e79c19b7860d) Importer(2089858483,b0f066a214c2f5e87bad3c948f4d605d) (ScriptedImporter) -> (artifact id: 'ff527ac22db5e0c44b9d3fae5aeb4d1e') in 0.00194196 seconds
Number of updated asset objects reloaded before import = 0Number of asset objects unloaded after import = 1

========================================================================
Received Import Request.
  Time since last request: 0.000016 seconds.
  path: Assets/Medieval Warrior Pack 2/Animations/Attack1_0.controller
  artifactKey: Guid(f29ab151e96e78a449dfcfa4b7e3a9dc) Importer(2089858483,b0f066a214c2f5e87bad3c948f4d605d)
Start importing Assets/Medieval Warrior Pack 2/Animations/Attack1_0.controller using Guid(f29ab151e96e78a449dfcfa4b7e3a9dc) Importer(2089858483,b0f066a214c2f5e87bad3c948f4d605d) (ScriptedImporter) -> (artifact id: '320ba9b48c78ad5547301a621fe643ab') in 0.003007869 seconds
Number of updated asset objects reloaded before import = 0Number of asset objects unloaded after import = 4

========================================================================
Received Import Request.
  Time since last request: 0.000024 seconds.
  path: Assets/Medieval Warrior Pack 2/Sprites/Take Hit - white silhouette.png
  artifactKey: Guid(3503a79f1b9d59f4a8af006cb749f681) Importer(2089858483,b0f066a214c2f5e87bad3c948f4d605d)
Start importing Assets/Medieval Warrior Pack 2/Sprites/Take Hit - white silhouette.png using Guid(3503a79f1b9d59f4a8af006cb749f681) Importer(2089858483,b0f066a214c2f5e87bad3c948f4d605d) (ScriptedImporter) -> (artifact id: '3eab2cd7c3c01c12d45c267727e0b639') in 0.009021099 seconds
Number of updated asset objects reloaded before import = 0Number of asset objects unloaded after import = 6

========================================================================
Received Import Request.
  Time since last request: 0.000012 seconds.
  path: Assets/Medieval Warrior Pack 2/Animations/Attack2_0.controller
  artifactKey: Guid(f62b80e9d54973d46bc0c144af75f944) Importer(2089858483,b0f066a214c2f5e87bad3c948f4d605d)
Start importing Assets/Medieval Warrior Pack 2/Animations/Attack2_0.controller using Guid(f62b80e9d54973d46bc0c144af75f944) Importer(2089858483,b0f066a214c2f5e87bad3c948f4d605d) (ScriptedImporter) -> (artifact id: '852a51668b1ad84b28b9b1f705045796') in 0.002784809 seconds
Number of updated asset objects reloaded before import = 0Number of asset objects unloaded after import = 4

========================================================================
Received Import Request.
  Time since last request: 0.000013 seconds.
  path: Assets/Medieval Warrior Pack 2/Sprites/Death.png
  artifactKey: Guid(c63d7b876b691564c9f996964d39de0d) Importer(2089858483,b0f066a214c2f5e87bad3c948f4d605d)
Start importing Assets/Medieval Warrior Pack 2/Sprites/Death.png using Guid(c63d7b876b691564c9f996964d39de0d) Importer(2089858483,b0f066a214c2f5e87bad3c948f4d605d) (ScriptedImporter) -> (artifact id: 'dc85155127c340e6324991120cab5cba') in 0.010190358 seconds
Number of updated asset objects reloaded before import = 0Number of asset objects unloaded after import = 8

========================================================================
Received Import Request.
  Time since last request: 0.000013 seconds.
  path: Assets/Medieval Warrior Pack 2/Demo
  artifactKey: Guid(5d64480b924946c469375c7cf2bcec5e) Importer(2089858483,b0f066a214c2f5e87bad3c948f4d605d)
Start importing Assets/Medieval Warrior Pack 2/Demo using Guid(5d64480b924946c469375c7cf2bcec5e) Importer(2089858483,b0f066a214c2f5e87bad3c948f4d605d) (ScriptedImporter) -> (artifact id: '3559a5c1bc87baaec8d86fdfcd1df8e4') in 0.00189592 seconds
Number of updated asset objects reloaded before import = 0Number of asset objects unloaded after import = 1

========================================================================
Received Import Request.
  Time since last request: 0.000011 seconds.
  path: Assets/Medieval Warrior Pack 2/Demo/Scene Demo.unity
  artifactKey: Guid(91610606db501864aa1f24d69c32a65d) Importer(2089858483,b0f066a214c2f5e87bad3c948f4d605d)
Start importing Assets/Medieval Warrior Pack 2/Demo/Scene Demo.unity using Guid(91610606db501864aa1f24d69c32a65d) Importer(2089858483,b0f066a214c2f5e87bad3c948f4d605d) (ScriptedImporter) -> (artifact id: '27431ec92b89657f9cf8290b88fc0c9e') in 0.003311829 seconds
Number of updated asset objects reloaded before import = 0Number of asset objects unloaded after import = 1

========================================================================
Received Import Request.
  Time since last request: 0.825134 seconds.
  path: Assets/Medieval Warrior Pack 2
  artifactKey: Guid(62261b061a9a3d6ba9afb643236bf7e3) Importer(815301076,1909f56bfc062723c751e8b465ee728b)
Start importing Assets/Medieval Warrior Pack 2 using Guid(62261b061a9a3d6ba9afb643236bf7e3) Importer(815301076,1909f56bfc062723c751e8b465ee728b) (PreviewImporter) -> (artifact id: '2298ad0d55d72c11ff7734760dbfbc9b') in 0.00037865 seconds
Number of updated asset objects reloaded before import = 0Number of asset objects unloaded after import = 0

========================================================================
Received Import Request.
  Time since last request: 2.841715 seconds.
  path: Assets/Medieval Warrior Pack 2/Sprites
  artifactKey: Guid(2bd7a299e9f78ff44b692906b5056ef9) Importer(815301076,1909f56bfc062723c751e8b465ee728b)
Start importing Assets/Medieval Warrior Pack 2/Sprites using Guid(2bd7a299e9f78ff44b692906b5056ef9) Importer(815301076,1909f56bfc062723c751e8b465ee728b) (PreviewImporter) -> (artifact id: '9a64b994dd091c3ad9262a99a2b2bb99') in 0.000545689 seconds
Number of updated asset objects reloaded before import = 0Number of asset objects unloaded after import = 0

========================================================================
Received Import Request.
  Time since last request: 0.022855 seconds.
  path: Assets/Medieval Warrior Pack 2/Sprites/Attack1.png
  artifactKey: Guid(97fdda38d05da6c498e4e7591cf6fb96) Importer(815301076,1909f56bfc062723c751e8b465ee728b)
Start importing Assets/Medieval Warrior Pack 2/Sprites/Attack1.png using Guid(97fdda38d05da6c498e4e7591cf6fb96) Importer(815301076,1909f56bfc062723c751e8b465ee728b) (PreviewImporter) -> (artifact id: '66a9b59c39734e73fd3ef6d49a86fdd2') in 0.019141787 seconds
Number of updated asset objects reloaded before import = 0Number of asset objects unloaded after import = 6

========================================================================
Received Import Request.
  Time since last request: 0.000013 seconds.
  path: Assets/Medieval Warrior Pack 2/Sprites/Take Hit.png
  artifactKey: Guid(6112573e6823cab409954af5edabcd51) Importer(815301076,1909f56bfc062723c751e8b465ee728b)
Start importing Assets/Medieval Warrior Pack 2/Sprites/Take Hit.png using Guid(6112573e6823cab409954af5edabcd51) Importer(815301076,1909f56bfc062723c751e8b465ee728b) (PreviewImporter) -> (artifact id: 'c7598591a2c0193ca4e67bad13e9cded') in 0.021926176 seconds
Number of updated asset objects reloaded before import = 0Number of asset objects unloaded after import = 6

========================================================================
Received Import Request.
  Time since last request: 0.000011 seconds.
  path: Assets/Medieval Warrior Pack 2/Sprites/Run.png
  artifactKey: Guid(ab19dd0d026e09941ae566a54eb4d897) Importer(815301076,1909f56bfc062723c751e8b465ee728b)
Start importing Assets/Medieval Warrior Pack 2/Sprites/Run.png using Guid(ab19dd0d026e09941ae566a54eb4d897) Importer(815301076,1909f56bfc062723c751e8b465ee728b) (PreviewImporter) -> (artifact id: '18a4a27fb4aaf48b46c65f943d924103') in 0.026013785 seconds
Number of updated asset objects reloaded before import = 0Number of asset objects unloaded after import = 10

========================================================================
Received Prepare
Begin MonoManager ReloadAssembly
[Licensing::Client] Successfully resolved entitlement details
- Loaded All Assemblies, in  0.673 seconds
Refreshing native plugins compatible for Editor in 0.55 ms, found 1 plugins.
Native extension for LinuxStandalone target not found
[Package Manager] Failed to launch server process. Reason: Unity was launched with the -noUpm command-line argument
[Package Manager] Unable to send message (not connected to server process).
[Package Manager] Cannot connect to Unity Package Manager local server
Mono: successfully reloaded assembly
- Finished resetting the current domain, in  0.717 seconds
Domain Reload Profiling: 1390ms
	BeginReloadAssembly (177ms)
		ExecutionOrderSort (0ms)
		DisableScriptedObjects (12ms)
		BackupInstance (0ms)
		ReleaseScriptingObjects (0ms)
		CreateAndSetChildDomain (58ms)
	RebuildCommonClasses (40ms)
	RebuildNativeTypeToScriptingClass (10ms)
	initialDomainReloadingComplete (29ms)
	LoadAllAssembliesAndSetupDomain (418ms)
		LoadAssemblies (270ms)
		RebuildTransferFunctionScriptingTraits (0ms)
		AnalyzeDomain (201ms)
			TypeCache.Refresh (7ms)
				TypeCache.ScanAssembly (0ms)
			BuildScriptInfoCaches (179ms)
			ResolveRequiredComponents (10ms)
	FinalizeReload (717ms)
		ReleaseScriptCaches (0ms)
		RebuildScriptCaches (0ms)
		SetupLoadedEditorAssemblies (576ms)
			LogAssemblyErrors (0ms)
			InitializePlatformSupportModulesInManaged (2ms)
			SetLoadedEditorAssemblies (3ms)
			BeforeProcessingInitializeOnLoad (158ms)
			ProcessInitializeOnLoadAttributes (341ms)
			ProcessInitializeOnLoadMethodAttributes (67ms)
			AfterProcessingInitializeOnLoad (6ms)
			EditorAssembliesLoaded (0ms)
		ExecutionOrderSort2 (0ms)
		AwakeInstancesAfterBackupRestoration (10ms)
Refreshing native plugins compatible for Editor in 0.62 ms, found 1 plugins.
Preloading 0 native plugins for Editor in 0.00 ms.
Unloading 16 Unused Serialized files (Serialized files now loaded: 0)
Unloading 6902 unused Assets / (3.5 MB). Loaded Objects now: 7805.
Memory consumption went from 153.7 MB to 150.2 MB.
Total: 9.146099 ms (FindLiveObjects: 0.682100 ms CreateObjectMapping: 0.344410 ms MarkObjects: 6.293569 ms  DeleteObjects: 1.825480 ms)

Prepare: number of updated asset objects reloaded= 0
========================================================================
Received Prepare
Begin MonoManager ReloadAssembly
- Loaded All Assemblies, in  0.638 seconds
Refreshing native plugins compatible for Editor in 0.55 ms, found 1 plugins.
Native extension for LinuxStandalone target not found
[Package Manager] Failed to launch server process. Reason: Unity was launched with the -noUpm command-line argument
[Package Manager] Unable to send message (not connected to server process).
[Package Manager] Cannot connect to Unity Package Manager local server
Mono: successfully reloaded assembly
- Finished resetting the current domain, in  0.713 seconds
Domain Reload Profiling: 1351ms
	BeginReloadAssembly (154ms)
		ExecutionOrderSort (0ms)
		DisableScriptedObjects (13ms)
		BackupInstance (0ms)
		ReleaseScriptingObjects (0ms)
		CreateAndSetChildDomain (46ms)
	RebuildCommonClasses (40ms)
	RebuildNativeTypeToScriptingClass (10ms)
	initialDomainReloadingComplete (27ms)
	LoadAllAssembliesAndSetupDomain (407ms)
		LoadAssemblies (257ms)
		RebuildTransferFunctionScriptingTraits (0ms)
		AnalyzeDomain (195ms)
			TypeCache.Refresh (7ms)
				TypeCache.ScanAssembly (0ms)
			BuildScriptInfoCaches (174ms)
			ResolveRequiredComponents (10ms)
	FinalizeReload (714ms)
		ReleaseScriptCaches (0ms)
		RebuildScriptCaches (0ms)
		SetupLoadedEditorAssemblies (574ms)
			LogAssemblyErrors (0ms)
			InitializePlatformSupportModulesInManaged (2ms)
			SetLoadedEditorAssemblies (3ms)
			BeforeProcessingInitializeOnLoad (159ms)
			ProcessInitializeOnLoadAttributes (335ms)
			ProcessInitializeOnLoadMethodAttributes (69ms)
			AfterProcessingInitializeOnLoad (6ms)
			EditorAssembliesLoaded (0ms)
		ExecutionOrderSort2 (0ms)
		AwakeInstancesAfterBackupRestoration (10ms)
Refreshing native plugins compatible for Editor in 0.63 ms, found 1 plugins.
Preloading 0 native plugins for Editor in 0.00 ms.
Unloading 16 Unused Serialized files (Serialized files now loaded: 0)
Unloading 6902 unused Assets / (3.5 MB). Loaded Objects now: 7808.
Memory consumption went from 153.8 MB to 150.2 MB.
Total: 9.404388 ms (FindLiveObjects: 0.849039 ms CreateObjectMapping: 0.350630 ms MarkObjects: 6.337199 ms  DeleteObjects: 1.866960 ms)

Prepare: number of updated asset objects reloaded= 0
========================================================================
Received Prepare
Begin MonoManager ReloadAssembly
[Licensing::Client] Successfully resolved entitlement details
- Loaded All Assemblies, in  0.663 seconds
Refreshing native plugins compatible for Editor in 0.55 ms, found 1 plugins.
Native extension for LinuxStandalone target not found
[Package Manager] Failed to launch server process. Reason: Unity was launched with the -noUpm command-line argument
[Package Manager] Unable to send message (not connected to server process).
[Package Manager] Cannot connect to Unity Package Manager local server
Mono: successfully reloaded assembly
- Finished resetting the current domain, in  0.707 seconds
Domain Reload Profiling: 1369ms
	BeginReloadAssembly (172ms)
		ExecutionOrderSort (0ms)
		DisableScriptedObjects (13ms)
		BackupInstance (0ms)
		ReleaseScriptingObjects (0ms)
		CreateAndSetChildDomain (63ms)
	RebuildCommonClasses (40ms)
	RebuildNativeTypeToScriptingClass (10ms)
	initialDomainReloadingComplete (27ms)
	LoadAllAssembliesAndSetupDomain (413ms)
		LoadAssemblies (260ms)
		RebuildTransferFunctionScriptingTraits (0ms)
		AnalyzeDomain (198ms)
			TypeCache.Refresh (6ms)
				TypeCache.ScanAssembly (0ms)
			BuildScriptInfoCaches (176ms)
			ResolveRequiredComponents (11ms)
	FinalizeReload (707ms)
		ReleaseScriptCaches (0ms)
		RebuildScriptCaches (0ms)
		SetupLoadedEditorAssemblies (564ms)
			LogAssemblyErrors (0ms)
			InitializePlatformSupportModulesInManaged (2ms)
			SetLoadedEditorAssemblies (3ms)
			BeforeProcessingInitializeOnLoad (151ms)
			ProcessInitializeOnLoadAttributes (332ms)
			ProcessInitializeOnLoadMethodAttributes (70ms)
			AfterProcessingInitializeOnLoad (6ms)
			EditorAssembliesLoaded (0ms)
		ExecutionOrderSort2 (0ms)
		AwakeInstancesAfterBackupRestoration (11ms)
Refreshing native plugins compatible for Editor in 0.63 ms, found 1 plugins.
Preloading 0 native plugins for Editor in 0.00 ms.
Unloading 16 Unused Serialized files (Serialized files now loaded: 0)
Unloading 6902 unused Assets / (3.7 MB). Loaded Objects now: 7811.
Memory consumption went from 153.8 MB to 150.2 MB.
Total: 9.492528 ms (FindLiveObjects: 0.717090 ms CreateObjectMapping: 0.409470 ms MarkObjects: 6.410648 ms  DeleteObjects: 1.954740 ms)

Prepare: number of updated asset objects reloaded= 0
========================================================================
Received Prepare
Begin MonoManager ReloadAssembly
- Loaded All Assemblies, in  0.652 seconds
Refreshing native plugins compatible for Editor in 0.57 ms, found 1 plugins.
Native extension for LinuxStandalone target not found
[Package Manager] Failed to launch server process. Reason: Unity was launched with the -noUpm command-line argument
[Package Manager] Unable to send message (not connected to server process).
[Package Manager] Cannot connect to Unity Package Manager local server
Mono: successfully reloaded assembly
- Finished resetting the current domain, in  0.762 seconds
Domain Reload Profiling: 1413ms
	BeginReloadAssembly (155ms)
		ExecutionOrderSort (0ms)
		DisableScriptedObjects (13ms)
		BackupInstance (0ms)
		ReleaseScriptingObjects (0ms)
		CreateAndSetChildDomain (45ms)
	RebuildCommonClasses (40ms)
	RebuildNativeTypeToScriptingClass (9ms)
	initialDomainReloadingComplete (27ms)
	LoadAllAssembliesAndSetupDomain (419ms)
		LoadAssemblies (262ms)
		RebuildTransferFunctionScriptingTraits (0ms)
		AnalyzeDomain (202ms)
			TypeCache.Refresh (7ms)
				TypeCache.ScanAssembly (0ms)
			BuildScriptInfoCaches (180ms)
			ResolveRequiredComponents (10ms)
	FinalizeReload (762ms)
		ReleaseScriptCaches (0ms)
		RebuildScriptCaches (0ms)
		SetupLoadedEditorAssemblies (617ms)
			LogAssemblyErrors (0ms)
			InitializePlatformSupportModulesInManaged (2ms)
			SetLoadedEditorAssemblies (3ms)
			BeforeProcessingInitializeOnLoad (160ms)
			ProcessInitializeOnLoadAttributes (362ms)
			ProcessInitializeOnLoadMethodAttributes (83ms)
			AfterProcessingInitializeOnLoad (7ms)
			EditorAssembliesLoaded (0ms)
		ExecutionOrderSort2 (0ms)
		AwakeInstancesAfterBackupRestoration (10ms)
Refreshing native plugins compatible for Editor in 0.62 ms, found 1 plugins.
Preloading 0 native plugins for Editor in 0.00 ms.
Unloading 16 Unused Serialized files (Serialized files now loaded: 0)
Unloading 6902 unused Assets / (3.4 MB). Loaded Objects now: 7814.
Memory consumption went from 153.9 MB to 150.5 MB.
Total: 9.409289 ms (FindLiveObjects: 0.827150 ms CreateObjectMapping: 0.337790 ms MarkObjects: 6.367379 ms  DeleteObjects: 1.876460 ms)

Prepare: number of updated asset objects reloaded= 0
========================================================================
Received Import Request.
  Time since last request: 362.731554 seconds.
  path: Assets/Animations/Idle.anim
  artifactKey: Guid(946d7e9b138c90cf4a97e157634aa30f) Importer(2089858483,b0f066a214c2f5e87bad3c948f4d605d)
Start importing Assets/Animations/Idle.anim using Guid(946d7e9b138c90cf4a97e157634aa30f) Importer(2089858483,b0f066a214c2f5e87bad3c948f4d605d) (ScriptedImporter) -> (artifact id: '0ac772fb22938657d26341c7d438d81f') in 0.070144787 seconds
Number of updated asset objects reloaded before import = 0Number of asset objects unloaded after import = 1

========================================================================
Received Import Request.
  Time since last request: 0.069753 seconds.
  path: Assets/Scenes/MainMenu.unity
  artifactKey: Guid(51a8b99dc7fb32e6ba7937e0c791545f) Importer(2089858483,b0f066a214c2f5e87bad3c948f4d605d)
Start importing Assets/Scenes/MainMenu.unity using Guid(51a8b99dc7fb32e6ba7937e0c791545f) Importer(2089858483,b0f066a214c2f5e87bad3c948f4d605d) (ScriptedImporter) -> (artifact id: '188db7f526dbbd5eeb873f507425e81e') in 0.002970869 seconds
Number of updated asset objects reloaded before import = 0Number of asset objects unloaded after import = 1

========================================================================
Received Import Request.
  Time since last request: 0.120240 seconds.
  path: Assets/Environments/RPGW_Caves/_oldfiles/mainlevbuild.png
  artifactKey: Guid(389be3483ef26ae4886e2b0a97fdaff1) Importer(2089858483,b0f066a214c2f5e87bad3c948f4d605d)
Start importing Assets/Environments/RPGW_Caves/_oldfiles/mainlevbuild.png using Guid(389be3483ef26ae4886e2b0a97fdaff1) Importer(2089858483,b0f066a214c2f5e87bad3c948f4d605d) (ScriptedImporter) -> (artifact id: '50e877ba216f1fe32a211db39f1de86d') in 0.063039568 seconds
Number of updated asset objects reloaded before import = 0Number of asset objects unloaded after import = 3

========================================================================
Received Import Request.
  Time since last request: 0.420918 seconds.
  path: Assets/Environments/RPGW_Caves/_oldfiles/RW_MarshLand_entrance.png
  artifactKey: Guid(59bae081744a4154c8fa3ee5bf8fa16b) Importer(2089858483,b0f066a214c2f5e87bad3c948f4d605d)
Start importing Assets/Environments/RPGW_Caves/_oldfiles/RW_MarshLand_entrance.png using Guid(59bae081744a4154c8fa3ee5bf8fa16b) Importer(2089858483,b0f066a214c2f5e87bad3c948f4d605d) (ScriptedImporter) -> (artifact id: '08c63b8d6cab456191a39836510ab398') in 0.006644279 seconds
Number of updated asset objects reloaded before import = 0Number of asset objects unloaded after import = 3

========================================================================
Received Import Request.
  Time since last request: 2.428892 seconds.
  path: Assets/PlayerModel
  artifactKey: Guid(e0d32a0c928703fce94c517cd738a697) Importer(815301076,1909f56bfc062723c751e8b465ee728b)
Start importing Assets/PlayerModel using Guid(e0d32a0c928703fce94c517cd738a697) Importer(815301076,1909f56bfc062723c751e8b465ee728b) (PreviewImporter) -> (artifact id: 'b5d0daa39ce0895b0edd93a2bf2fd3ae') in 0.00055852 seconds
Number of updated asset objects reloaded before import = 0Number of asset objects unloaded after import = 0

========================================================================
Received Import Request.
  Time since last request: 0.932000 seconds.
  path: Assets/PlayerModel
  artifactKey: Guid(e0d32a0c928703fce94c517cd738a697) Importer(2089858483,b0f066a214c2f5e87bad3c948f4d605d)
Start importing Assets/PlayerModel using Guid(e0d32a0c928703fce94c517cd738a697) Importer(2089858483,b0f066a214c2f5e87bad3c948f4d605d) (ScriptedImporter) -> (artifact id: '7e0a9f8e1eaa075006c520e695080b9a') in 0.0017809 seconds
Number of updated asset objects reloaded before import = 0Number of asset objects unloaded after import = 1

========================================================================
Received Import Request.
  Time since last request: 11.281352 seconds.
  path: Assets/PlayerModel/Sprites
  artifactKey: Guid(2bd7a299e9f78ff44b692906b5056ef9) Importer(2089858483,b0f066a214c2f5e87bad3c948f4d605d)
Start importing Assets/PlayerModel/Sprites using Guid(2bd7a299e9f78ff44b692906b5056ef9) Importer(2089858483,b0f066a214c2f5e87bad3c948f4d605d) (ScriptedImporter) -> (artifact id: '55cc2869ae58a9561716a8637eb5a66f') in 0.00150477 seconds
Number of updated asset objects reloaded before import = 0Number of asset objects unloaded after import = 1

========================================================================
Received Import Request.
  Time since last request: 0.141131 seconds.
  path: Assets/PlayerModel/Sprites/Attack3.png
  artifactKey: Guid(062ff2c41cc5dea498b9a742356c0c25) Importer(2089858483,b0f066a214c2f5e87bad3c948f4d605d)
Start importing Assets/PlayerModel/Sprites/Attack3.png using Guid(062ff2c41cc5dea498b9a742356c0c25) Importer(2089858483,b0f066a214c2f5e87bad3c948f4d605d) (ScriptedImporter) -> (artifact id: '2350d38f4c8007ad204703ea7b072464') in 0.008369618 seconds
Number of updated asset objects reloaded before import = 0Number of asset objects unloaded after import = 6

========================================================================
Received Import Request.
  Time since last request: 0.107162 seconds.
  path: Assets/PlayerModel/Animations/Jump_0.controller
  artifactKey: Guid(44e0b0a749479c04d848db0f2ab0a730) Importer(2089858483,b0f066a214c2f5e87bad3c948f4d605d)
Start importing Assets/PlayerModel/Animations/Jump_0.controller using Guid(44e0b0a749479c04d848db0f2ab0a730) Importer(2089858483,b0f066a214c2f5e87bad3c948f4d605d) (ScriptedImporter) -> (artifact id: '27ade7e78e1932a4555bcaed1b11ca0c') in 0.00311824 seconds
Number of updated asset objects reloaded before import = 0Number of asset objects unloaded after import = 4

========================================================================
Received Import Request.
  Time since last request: 0.000013 seconds.
  path: Assets/PlayerModel/Animations/Attack3.anim
  artifactKey: Guid(952cf58306fb6504fa5ef5a3ca8ddae0) Importer(2089858483,b0f066a214c2f5e87bad3c948f4d605d)
Start importing Assets/PlayerModel/Animations/Attack3.anim using Guid(952cf58306fb6504fa5ef5a3ca8ddae0) Importer(2089858483,b0f066a214c2f5e87bad3c948f4d605d) (ScriptedImporter) -> (artifact id: '0950f08ad456c9d3605dfbd67738953a') in 0.00300833 seconds
Number of updated asset objects reloaded before import = 0Number of asset objects unloaded after import = 1

========================================================================
Received Import Request.
  Time since last request: 0.450881 seconds.
  path: Assets/PlayerModel/Sprites/Attack2.png
  artifactKey: Guid(c0fa2008dfcbee24389f92eb339a9e16) Importer(2089858483,b0f066a214c2f5e87bad3c948f4d605d)
Start importing Assets/PlayerModel/Sprites/Attack2.png using Guid(c0fa2008dfcbee24389f92eb339a9e16) Importer(2089858483,b0f066a214c2f5e87bad3c948f4d605d) (ScriptedImporter) -> (artifact id: '5bb880e071be753aaa11fec2d1d351dd') in 0.007734138 seconds
Number of updated asset objects reloaded before import = 0Number of asset objects unloaded after import = 6

========================================================================
Received Import Request.
  Time since last request: 0.000013 seconds.
  path: Assets/PlayerModel/Animations/Attack1.anim
  artifactKey: Guid(b628c9f8b75458f4692a4ca66052d58d) Importer(2089858483,b0f066a214c2f5e87bad3c948f4d605d)
Start importing Assets/PlayerModel/Animations/Attack1.anim using Guid(b628c9f8b75458f4692a4ca66052d58d) Importer(2089858483,b0f066a214c2f5e87bad3c948f4d605d) (ScriptedImporter) -> (artifact id: 'c0022fd60dc8f121bfc565adb85382ae') in 0.002737709 seconds
Number of updated asset objects reloaded before import = 0Number of asset objects unloaded after import = 1

========================================================================
Received Import Request.
  Time since last request: 0.000012 seconds.
  path: Assets/PlayerModel/Animations/Take Hit_0.controller
  artifactKey: Guid(e25e1a8da2e2cbe49b3d9c21f0d121df) Importer(2089858483,b0f066a214c2f5e87bad3c948f4d605d)
Start importing Assets/PlayerModel/Animations/Take Hit_0.controller using Guid(e25e1a8da2e2cbe49b3d9c21f0d121df) Importer(2089858483,b0f066a214c2f5e87bad3c948f4d605d) (ScriptedImporter) -> (artifact id: '374da4b6ccdaed8f24d71f4e4385806a') in 0.00219586 seconds
Number of updated asset objects reloaded before import = 0Number of asset objects unloaded after import = 4

========================================================================
Received Import Request.
  Time since last request: 0.000017 seconds.
  path: Assets/PlayerModel/Animations/Fall.anim
  artifactKey: Guid(6242c0bcebb259346b8754f3f8dc5995) Importer(2089858483,b0f066a214c2f5e87bad3c948f4d605d)
Start importing Assets/PlayerModel/Animations/Fall.anim using Guid(6242c0bcebb259346b8754f3f8dc5995) Importer(2089858483,b0f066a214c2f5e87bad3c948f4d605d) (ScriptedImporter) -> (artifact id: '021fe87935eba6c41f6b1a88fe67d45f') in 0.002879859 seconds
Number of updated asset objects reloaded before import = 0Number of asset objects unloaded after import = 1

========================================================================
Received Import Request.
  Time since last request: 0.000011 seconds.
  path: Assets/PlayerModel/Animations/Attack2_0.controller
  artifactKey: Guid(f62b80e9d54973d46bc0c144af75f944) Importer(2089858483,b0f066a214c2f5e87bad3c948f4d605d)
Start importing Assets/PlayerModel/Animations/Attack2_0.controller using Guid(f62b80e9d54973d46bc0c144af75f944) Importer(2089858483,b0f066a214c2f5e87bad3c948f4d605d) (ScriptedImporter) -> (artifact id: 'b2738cbc2147cd7a1347954f7afe681e') in 0.0020986 seconds
Number of updated asset objects reloaded before import = 0Number of asset objects unloaded after import = 4

========================================================================
Received Import Request.
  Time since last request: 0.000009 seconds.
  path: Assets/PlayerModel/Animations/Idle_0.controller
  artifactKey: Guid(d5e5a7a93a78d6f40babbc1cd157512a) Importer(2089858483,b0f066a214c2f5e87bad3c948f4d605d)
Start importing Assets/PlayerModel/Animations/Idle_0.controller using Guid(d5e5a7a93a78d6f40babbc1cd157512a) Importer(2089858483,b0f066a214c2f5e87bad3c948f4d605d) (ScriptedImporter) -> (artifact id: '3ae407e5fa5c3372921ee6e9c2221371') in 0.002248 seconds
Number of updated asset objects reloaded before import = 0Number of asset objects unloaded after import = 4

========================================================================
Received Import Request.
  Time since last request: 7.804406 seconds.
  path: Assets/Environments/RPGW_Caves/decorative.png
  artifactKey: Guid(ae9604bb7c83a7f4cb3ae2abd7a94dde) Importer(815301076,1909f56bfc062723c751e8b465ee728b)
Start importing Assets/Environments/RPGW_Caves/decorative.png using Guid(ae9604bb7c83a7f4cb3ae2abd7a94dde) Importer(815301076,1909f56bfc062723c751e8b465ee728b) (PreviewImporter) -> (artifact id: '6b2d3371a286c25dd2ec17804044a81d') in 0.070392836 seconds
Number of updated asset objects reloaded before import = 0Number of asset objects unloaded after import = 3

========================================================================
Received Import Request.
  Time since last request: 26.856734 seconds.
  path: Assets/Environments/RPGW_Caves/MainLev2.0.png
  artifactKey: Guid(7b978bd92f104204c86a69f46240f5c3) Importer(815301076,1909f56bfc062723c751e8b465ee728b)
Start importing Assets/Environments/RPGW_Caves/MainLev2.0.png using Guid(7b978bd92f104204c86a69f46240f5c3) Importer(815301076,1909f56bfc062723c751e8b465ee728b) (PreviewImporter) -> (artifact id: 'ddd289096bd7a21f98b3415ac22ad9c3') in 0.014915467 seconds
Number of updated asset objects reloaded before import = 0Number of asset objects unloaded after import = 3

========================================================================
Received Import Request.
  Time since last request: 0.926818 seconds.
  path: Assets/Environments/RPGW_Caves/MainLev2.0.png
  artifactKey: Guid(7b978bd92f104204c86a69f46240f5c3) Importer(2089858483,b0f066a214c2f5e87bad3c948f4d605d)
Start importing Assets/Environments/RPGW_Caves/MainLev2.0.png using Guid(7b978bd92f104204c86a69f46240f5c3) Importer(2089858483,b0f066a214c2f5e87bad3c948f4d605d) (ScriptedImporter) -> (artifact id: 'a9e704de76a3faa1a5abcd290038347a') in 0.015723567 seconds
Number of updated asset objects reloaded before import = 0Number of asset objects unloaded after import = 3

========================================================================
Received Import Request.
  Time since last request: 43.820349 seconds.
  path: Assets/Environments/RPGW_Caves/Scenes
  artifactKey: Guid(c914ca22964cb014abddbd5a9ec79736) Importer(815301076,1909f56bfc062723c751e8b465ee728b)
Start importing Assets/Environments/RPGW_Caves/Scenes using Guid(c914ca22964cb014abddbd5a9ec79736) Importer(815301076,1909f56bfc062723c751e8b465ee728b) (PreviewImporter) -> (artifact id: '8aa22ab031c46503cc9955281dd63aa8') in 0.00035768 seconds
Number of updated asset objects reloaded before import = 0Number of asset objects unloaded after import = 0

========================================================================
Received Import Request.
  Time since last request: 3.613734 seconds.
  path: Assets/Environments/RPGW_Caves/Animated
  artifactKey: Guid(095c72be4fa9b7a42a12b1fd72b4ff23) Importer(815301076,1909f56bfc062723c751e8b465ee728b)
Start importing Assets/Environments/RPGW_Caves/Animated using Guid(095c72be4fa9b7a42a12b1fd72b4ff23) Importer(815301076,1909f56bfc062723c751e8b465ee728b) (PreviewImporter) -> (artifact id: '8dea00ce11bf803ea4aa923be95b192c') in 0.00036221 seconds
Number of updated asset objects reloaded before import = 0Number of asset objects unloaded after import = 0

========================================================================
Received Import Request.
  Time since last request: 0.025691 seconds.
  path: Assets/Environments/RPGW_Caves/Animated/LedA.png
  artifactKey: Guid(9aa07529c535de040a7226e72c57b3e2) Importer(815301076,1909f56bfc062723c751e8b465ee728b)
Start importing Assets/Environments/RPGW_Caves/Animated/LedA.png using Guid(9aa07529c535de040a7226e72c57b3e2) Importer(815301076,1909f56bfc062723c751e8b465ee728b) (PreviewImporter) -> (artifact id: 'ae28bea30cc5967dd56b36ccc446d714') in 0.05245116 seconds
Number of updated asset objects reloaded before import = 0Number of asset objects unloaded after import = 34

========================================================================
Received Import Request.
  Time since last request: 0.000011 seconds.
  path: Assets/Environments/RPGW_Caves/Animated/LedD.png
  artifactKey: Guid(1817f3536777e174ab581ebfe271fdb6) Importer(815301076,1909f56bfc062723c751e8b465ee728b)
Start importing Assets/Environments/RPGW_Caves/Animated/LedD.png using Guid(1817f3536777e174ab581ebfe271fdb6) Importer(815301076,1909f56bfc062723c751e8b465ee728b) (PreviewImporter) -> (artifact id: '80ac61bd5d3603138ca5673784df4e4c') in 0.058825059 seconds
Number of updated asset objects reloaded before import = 0Number of asset objects unloaded after import = 34

========================================================================
Received Import Request.
  Time since last request: 72.169891 seconds.
  path: Assets/Animations/CrystalAnim.anim
  artifactKey: Guid(c8252666adf1af55fb1f85cab3c14270) Importer(2089858483,b0f066a214c2f5e87bad3c948f4d605d)
Start importing Assets/Animations/CrystalAnim.anim using Guid(c8252666adf1af55fb1f85cab3c14270) Importer(2089858483,b0f066a214c2f5e87bad3c948f4d605d) (ScriptedImporter) -> (artifact id: '983d737e7c4446fd13e2fe2a06ecf790') in 0.003142309 seconds
Number of updated asset objects reloaded before import = 0Number of asset objects unloaded after import = 1

========================================================================
Received Prepare
Begin MonoManager ReloadAssembly
[Licensing::Client] Successfully resolved entitlement details
- Loaded All Assemblies, in  0.643 seconds
Refreshing native plugins compatible for Editor in 0.57 ms, found 1 plugins.
Native extension for LinuxStandalone target not found
[Package Manager] Failed to launch server process. Reason: Unity was launched with the -noUpm command-line argument
[Package Manager] Unable to send message (not connected to server process).
[Package Manager] Cannot connect to Unity Package Manager local server
Mono: successfully reloaded assembly
- Finished resetting the current domain, in  0.714 seconds
Domain Reload Profiling: 1356ms
	BeginReloadAssembly (151ms)
		ExecutionOrderSort (0ms)
		DisableScriptedObjects (12ms)
		BackupInstance (0ms)
		ReleaseScriptingObjects (0ms)
		CreateAndSetChildDomain (46ms)
	RebuildCommonClasses (39ms)
	RebuildNativeTypeToScriptingClass (10ms)
	initialDomainReloadingComplete (27ms)
	LoadAllAssembliesAndSetupDomain (415ms)
		LoadAssemblies (257ms)
		RebuildTransferFunctionScriptingTraits (0ms)
		AnalyzeDomain (201ms)
			TypeCache.Refresh (7ms)
				TypeCache.ScanAssembly (0ms)
			BuildScriptInfoCaches (179ms)
			ResolveRequiredComponents (10ms)
	FinalizeReload (714ms)
		ReleaseScriptCaches (0ms)
		RebuildScriptCaches (0ms)
		SetupLoadedEditorAssemblies (569ms)
			LogAssemblyErrors (0ms)
			InitializePlatformSupportModulesInManaged (2ms)
			SetLoadedEditorAssemblies (3ms)
			BeforeProcessingInitializeOnLoad (151ms)
			ProcessInitializeOnLoadAttributes (338ms)
			ProcessInitializeOnLoadMethodAttributes (68ms)
			AfterProcessingInitializeOnLoad (6ms)
			EditorAssembliesLoaded (0ms)
		ExecutionOrderSort2 (0ms)
		AwakeInstancesAfterBackupRestoration (10ms)
Refreshing native plugins compatible for Editor in 0.62 ms, found 1 plugins.
Preloading 0 native plugins for Editor in 0.00 ms.
Unloading 16 Unused Serialized files (Serialized files now loaded: 0)
Unloading 6902 unused Assets / (4.2 MB). Loaded Objects now: 7823.
Memory consumption went from 153.9 MB to 149.7 MB.
Total: 9.511479 ms (FindLiveObjects: 0.756490 ms CreateObjectMapping: 0.351740 ms MarkObjects: 6.425029 ms  DeleteObjects: 1.977640 ms)

Prepare: number of updated asset objects reloaded= 0
========================================================================
Received Import Request.
  Time since last request: 72.770178 seconds.
  path: Assets/Animations/CrystalAnim.anim
  artifactKey: Guid(c8252666adf1af55fb1f85cab3c14270) Importer(815301076,1909f56bfc062723c751e8b465ee728b)
Start importing Assets/Animations/CrystalAnim.anim using Guid(c8252666adf1af55fb1f85cab3c14270) Importer(815301076,1909f56bfc062723c751e8b465ee728b) (PreviewImporter) -> (artifact id: '6d349695c5f55423fa469b62e0fbcbf5') in 0.035968343 seconds
Number of updated asset objects reloaded before import = 0Number of asset objects unloaded after import = 1

========================================================================
Received Import Request.
  Time since last request: 3.890204 seconds.
  path: Assets/Animations/LedB_24.controller
  artifactKey: Guid(669997f04a288f7859b2e7a9f3f2a05a) Importer(815301076,1909f56bfc062723c751e8b465ee728b)
Start importing Assets/Animations/LedB_24.controller using Guid(669997f04a288f7859b2e7a9f3f2a05a) Importer(815301076,1909f56bfc062723c751e8b465ee728b) (PreviewImporter) -> (artifact id: 'd0a1a71e25617426266f2173399a20cc') in 0.00219488 seconds
Number of updated asset objects reloaded before import = 0Number of asset objects unloaded after import = 1

========================================================================
Received Prepare
Begin MonoManager ReloadAssembly
[Licensing::Client] Successfully resolved entitlement details
- Loaded All Assemblies, in  0.648 seconds
Refreshing native plugins compatible for Editor in 0.54 ms, found 1 plugins.
Native extension for LinuxStandalone target not found
[Package Manager] Failed to launch server process. Reason: Unity was launched with the -noUpm command-line argument
[Package Manager] Unable to send message (not connected to server process).
[Package Manager] Cannot connect to Unity Package Manager local server
Mono: successfully reloaded assembly
- Finished resetting the current domain, in  0.733 seconds
Domain Reload Profiling: 1380ms
	BeginReloadAssembly (154ms)
		ExecutionOrderSort (0ms)
		DisableScriptedObjects (13ms)
		BackupInstance (0ms)
		ReleaseScriptingObjects (0ms)
		CreateAndSetChildDomain (45ms)
	RebuildCommonClasses (39ms)
	RebuildNativeTypeToScriptingClass (10ms)
	initialDomainReloadingComplete (27ms)
	LoadAllAssembliesAndSetupDomain (417ms)
		LoadAssemblies (263ms)
		RebuildTransferFunctionScriptingTraits (0ms)
		AnalyzeDomain (199ms)
			TypeCache.Refresh (7ms)
				TypeCache.ScanAssembly (0ms)
			BuildScriptInfoCaches (177ms)
			ResolveRequiredComponents (10ms)
	FinalizeReload (734ms)
		ReleaseScriptCaches (0ms)
		RebuildScriptCaches (0ms)
		SetupLoadedEditorAssemblies (592ms)
			LogAssemblyErrors (0ms)
			InitializePlatformSupportModulesInManaged (2ms)
			SetLoadedEditorAssemblies (3ms)
			BeforeProcessingInitializeOnLoad (161ms)
			ProcessInitializeOnLoadAttributes (350ms)
			ProcessInitializeOnLoadMethodAttributes (70ms)
			AfterProcessingInitializeOnLoad (6ms)
			EditorAssembliesLoaded (0ms)
		ExecutionOrderSort2 (0ms)
		AwakeInstancesAfterBackupRestoration (11ms)
Refreshing native plugins compatible for Editor in 0.64 ms, found 1 plugins.
Preloading 0 native plugins for Editor in 0.00 ms.
Unloading 16 Unused Serialized files (Serialized files now loaded: 0)
Unloading 6902 unused Assets / (3.7 MB). Loaded Objects now: 7826.
Memory consumption went from 154.0 MB to 150.3 MB.
Total: 9.489148 ms (FindLiveObjects: 0.655290 ms CreateObjectMapping: 0.331640 ms MarkObjects: 6.498509 ms  DeleteObjects: 2.002759 ms)

Prepare: number of updated asset objects reloaded= 0
========================================================================
Received Import Request.
  Time since last request: 65.971993 seconds.
  path: Assets/Environments/RPGW_Caves/_oldfiles/decorative.png
  artifactKey: Guid(029030ab7555c8c4e95178103a2328f6) Importer(815301076,1909f56bfc062723c751e8b465ee728b)
Start importing Assets/Environments/RPGW_Caves/_oldfiles/decorative.png using Guid(029030ab7555c8c4e95178103a2328f6) Importer(815301076,1909f56bfc062723c751e8b465ee728b) (PreviewImporter) -> (artifact id: '4d6ef898133692dc48ef2e4a09d89427') in 0.05570408 seconds
Number of updated asset objects reloaded before import = 0Number of asset objects unloaded after import = 3

========================================================================
Received Import Request.
  Time since last request: 0.000007 seconds.
  path: Assets/Environments/RPGW_Caves/_oldfiles/RW_MarshLand_entrance.png
  artifactKey: Guid(59bae081744a4154c8fa3ee5bf8fa16b) Importer(815301076,1909f56bfc062723c751e8b465ee728b)
Start importing Assets/Environments/RPGW_Caves/_oldfiles/RW_MarshLand_entrance.png using Guid(59bae081744a4154c8fa3ee5bf8fa16b) Importer(815301076,1909f56bfc062723c751e8b465ee728b) (PreviewImporter) -> (artifact id: '75e4d78dc1118ea6edc82b09933f478c') in 0.006908659 seconds
Number of updated asset objects reloaded before import = 0Number of asset objects unloaded after import = 3

========================================================================
Received Import Request.
  Time since last request: 32.142268 seconds.
  path: Assets/Animations
  artifactKey: Guid(485569c60505a4fbb95ab7fd8eb2ff2e) Importer(815301076,1909f56bfc062723c751e8b465ee728b)
Start importing Assets/Animations using Guid(485569c60505a4fbb95ab7fd8eb2ff2e) Importer(815301076,1909f56bfc062723c751e8b465ee728b) (PreviewImporter) -> (artifact id: '9553010599c1c5f0bad1dab42d79584d') in 0.00033442 seconds
Number of updated asset objects reloaded before import = 0Number of asset objects unloaded after import = 0

========================================================================
Received Import Request.
  Time since last request: 4.740257 seconds.
  path: Assets/Animations/Idle.anim
  artifactKey: Guid(946d7e9b138c90cf4a97e157634aa30f) Importer(815301076,1909f56bfc062723c751e8b465ee728b)
Start importing Assets/Animations/Idle.anim using Guid(946d7e9b138c90cf4a97e157634aa30f) Importer(815301076,1909f56bfc062723c751e8b465ee728b) (PreviewImporter) -> (artifact id: 'd38a08931fafe929dbaba7dbe9a3f467') in 0.00091324 seconds
Number of updated asset objects reloaded before import = 0Number of asset objects unloaded after import = 1

========================================================================
Received Import Request.
  Time since last request: 0.111029 seconds.
  path: Assets/CrystalAnim.anim
  artifactKey: Guid(8b164cbd10ab47ba682af0cbf8ec9bde) Importer(2089858483,b0f066a214c2f5e87bad3c948f4d605d)
Start importing Assets/CrystalAnim.anim using Guid(8b164cbd10ab47ba682af0cbf8ec9bde) Importer(2089858483,b0f066a214c2f5e87bad3c948f4d605d) (ScriptedImporter) -> (artifact id: 'e2de0f2b626086f310fa85750b0360e9') in 0.066337057 seconds
Number of updated asset objects reloaded before import = 0Number of asset objects unloaded after import = 1

========================================================================
Received Import Request.
  Time since last request: 44.954367 seconds.
  path: Assets/Animations/CrystalGlow.anim
  artifactKey: Guid(caadff08a75da805b82327b9484056ec) Importer(815301076,1909f56bfc062723c751e8b465ee728b)
Start importing Assets/Animations/CrystalGlow.anim using Guid(caadff08a75da805b82327b9484056ec) Importer(815301076,1909f56bfc062723c751e8b465ee728b) (PreviewImporter) -> (artifact id: '09733d782d56ac0b950274816d572888') in 0.000720459 seconds
Number of updated asset objects reloaded before import = 0Number of asset objects unloaded after import = 1

========================================================================
Received Import Request.
  Time since last request: 0.956093 seconds.
  path: Assets/Animations/CrystalGlow.anim
  artifactKey: Guid(caadff08a75da805b82327b9484056ec) Importer(2089858483,b0f066a214c2f5e87bad3c948f4d605d)
Start importing Assets/Animations/CrystalGlow.anim using Guid(caadff08a75da805b82327b9484056ec) Importer(2089858483,b0f066a214c2f5e87bad3c948f4d605d) (ScriptedImporter) -> (artifact id: 'a890be5232a69032d455d609ed6936c4') in 0.004119699 seconds
Number of updated asset objects reloaded before import = 0Number of asset objects unloaded after import = 1

========================================================================
Received Import Request.
  Time since last request: 72.102457 seconds.
  path: Assets/Animations/CrystalGlow.anim
  artifactKey: Guid(caadff08a75da805b82327b9484056ec) Importer(2089858483,b0f066a214c2f5e87bad3c948f4d605d)
Start importing Assets/Animations/CrystalGlow.anim using Guid(caadff08a75da805b82327b9484056ec) Importer(2089858483,b0f066a214c2f5e87bad3c948f4d605d) (ScriptedImporter) -> (artifact id: 'a5a20444988a9f0f139efce0c7b018e4') in 0.004521249 seconds
Number of updated asset objects reloaded before import = 0Number of asset objects unloaded after import = 1

========================================================================
Received Import Request.
  Time since last request: 0.000010 seconds.
  path: Assets/Animations/LedB_0.controller
  artifactKey: Guid(77196bde72bd2aa0f817c1e26cf42f4b) Importer(2089858483,b0f066a214c2f5e87bad3c948f4d605d)
Start importing Assets/Animations/LedB_0.controller using Guid(77196bde72bd2aa0f817c1e26cf42f4b) Importer(2089858483,b0f066a214c2f5e87bad3c948f4d605d) (ScriptedImporter) -> (artifact id: '71ca31c46a06801ac14b163817cc85cb') in 0.00293061 seconds
Number of updated asset objects reloaded before import = 0Number of asset objects unloaded after import = 1

========================================================================
Received Import Request.
  Time since last request: 173.964769 seconds.
  path: Assets/Animations/LedB_0.controller
  artifactKey: Guid(77196bde72bd2aa0f817c1e26cf42f4b) Importer(2089858483,b0f066a214c2f5e87bad3c948f4d605d)
Start importing Assets/Animations/LedB_0.controller using Guid(77196bde72bd2aa0f817c1e26cf42f4b) Importer(2089858483,b0f066a214c2f5e87bad3c948f4d605d) (ScriptedImporter) -> (artifact id: '7f21c88d37f5a59f7f38d22f389c61ff') in 0.005312779 seconds
Number of updated asset objects reloaded before import = 0Number of asset objects unloaded after import = 4

========================================================================
Received Prepare
Begin MonoManager ReloadAssembly
[Licensing::Client] Successfully resolved entitlement details
- Loaded All Assemblies, in  0.659 seconds
Refreshing native plugins compatible for Editor in 0.56 ms, found 1 plugins.
Native extension for LinuxStandalone target not found
[Package Manager] Failed to launch server process. Reason: Unity was launched with the -noUpm command-line argument
[Package Manager] Unable to send message (not connected to server process).
[Package Manager] Cannot connect to Unity Package Manager local server
Mono: successfully reloaded assembly
- Finished resetting the current domain, in  0.726 seconds
Domain Reload Profiling: 1384ms
	BeginReloadAssembly (157ms)
		ExecutionOrderSort (0ms)
		DisableScriptedObjects (12ms)
		BackupInstance (0ms)
		ReleaseScriptingObjects (0ms)
		CreateAndSetChildDomain (49ms)
	RebuildCommonClasses (40ms)
	RebuildNativeTypeToScriptingClass (10ms)
	initialDomainReloadingComplete (27ms)
	LoadAllAssembliesAndSetupDomain (423ms)
		LoadAssemblies (266ms)
		RebuildTransferFunctionScriptingTraits (0ms)
		AnalyzeDomain (202ms)
			TypeCache.Refresh (7ms)
				TypeCache.ScanAssembly (0ms)
			BuildScriptInfoCaches (181ms)
			ResolveRequiredComponents (10ms)
	FinalizeReload (727ms)
		ReleaseScriptCaches (0ms)
		RebuildScriptCaches (0ms)
		SetupLoadedEditorAssemblies (581ms)
			LogAssemblyErrors (0ms)
			InitializePlatformSupportModulesInManaged (2ms)
			SetLoadedEditorAssemblies (3ms)
			BeforeProcessingInitializeOnLoad (156ms)
			ProcessInitializeOnLoadAttributes (344ms)
			ProcessInitializeOnLoadMethodAttributes (69ms)
			AfterProcessingInitializeOnLoad (6ms)
			EditorAssembliesLoaded (0ms)
		ExecutionOrderSort2 (0ms)
		AwakeInstancesAfterBackupRestoration (10ms)
Refreshing native plugins compatible for Editor in 0.64 ms, found 1 plugins.
Preloading 0 native plugins for Editor in 0.00 ms.
Unloading 16 Unused Serialized files (Serialized files now loaded: 0)
Unloading 6902 unused Assets / (3.5 MB). Loaded Objects now: 7829.
Memory consumption went from 154.0 MB to 150.5 MB.
Total: 9.456268 ms (FindLiveObjects: 0.733319 ms CreateObjectMapping: 0.351260 ms MarkObjects: 6.509789 ms  DeleteObjects: 1.861330 ms)

Prepare: number of updated asset objects reloaded= 0
========================================================================
Received Prepare
Begin MonoManager ReloadAssembly
[Licensing::Client] Successfully resolved entitlement details
- Loaded All Assemblies, in  0.659 seconds
Refreshing native plugins compatible for Editor in 0.57 ms, found 1 plugins.
Native extension for LinuxStandalone target not found
[Package Manager] Failed to launch server process. Reason: Unity was launched with the -noUpm command-line argument
[Package Manager] Unable to send message (not connected to server process).
[Package Manager] Cannot connect to Unity Package Manager local server
Mono: successfully reloaded assembly
- Finished resetting the current domain, in  0.719 seconds
Domain Reload Profiling: 1377ms
	BeginReloadAssembly (163ms)
		ExecutionOrderSort (0ms)
		DisableScriptedObjects (13ms)
		BackupInstance (0ms)
		ReleaseScriptingObjects (0ms)
		CreateAndSetChildDomain (55ms)
	RebuildCommonClasses (40ms)
	RebuildNativeTypeToScriptingClass (10ms)
	initialDomainReloadingComplete (27ms)
	LoadAllAssembliesAndSetupDomain (419ms)
		LoadAssemblies (261ms)
		RebuildTransferFunctionScriptingTraits (0ms)
		AnalyzeDomain (202ms)
			TypeCache.Refresh (7ms)
				TypeCache.ScanAssembly (0ms)
			BuildScriptInfoCaches (180ms)
			ResolveRequiredComponents (10ms)
	FinalizeReload (720ms)
		ReleaseScriptCaches (0ms)
		RebuildScriptCaches (0ms)
		SetupLoadedEditorAssemblies (578ms)
			LogAssemblyErrors (0ms)
			InitializePlatformSupportModulesInManaged (2ms)
			SetLoadedEditorAssemblies (3ms)
			BeforeProcessingInitializeOnLoad (159ms)
			ProcessInitializeOnLoadAttributes (340ms)
			ProcessInitializeOnLoadMethodAttributes (67ms)
			AfterProcessingInitializeOnLoad (6ms)
			EditorAssembliesLoaded (0ms)
		ExecutionOrderSort2 (0ms)
		AwakeInstancesAfterBackupRestoration (10ms)
Refreshing native plugins compatible for Editor in 0.64 ms, found 1 plugins.
Preloading 0 native plugins for Editor in 0.00 ms.
Unloading 16 Unused Serialized files (Serialized files now loaded: 0)
Unloading 6902 unused Assets / (3.6 MB). Loaded Objects now: 7832.
Memory consumption went from 154.1 MB to 150.5 MB.
Total: 9.480468 ms (FindLiveObjects: 0.686310 ms CreateObjectMapping: 0.354200 ms MarkObjects: 6.423159 ms  DeleteObjects: 2.016079 ms)

Prepare: number of updated asset objects reloaded= 0
